\BOOKMARK [1][-]{section.1}{\376\377\117\134\116\032\156\005\123\125\377\010\0004\000/\0002\0000\377\011}{}% 1
\BOOKMARK [2][-]{subsection.1.1}{\376\377\225\356\230\230\116\000\000\040\163\257\130\203\133\211\210\305}{section.1}% 2
\BOOKMARK [2][-]{subsection.1.2}{\376\377\225\356\230\230\116\214\000\040\145\131\136\010\216\253\116\375\122\044\145\255\133\236\232\214}{section.1}% 3
\BOOKMARK [2][-]{subsection.1.3}{\376\377\225\356\230\230\116\011\000\040\131\015\116\140\000\040\000N\000u\000m\000p\000y}{section.1}% 4
\BOOKMARK [2][-]{subsection.1.4}{\376\377\225\356\230\230\126\333\000\040\145\131\147\120\116\140\230\230}{section.1}% 5
\BOOKMARK [1][-]{section.2}{\376\377\117\134\116\032\156\005\123\125\377\010\0004\000/\0002\0002\377\011}{}% 6
\BOOKMARK [2][-]{subsection.2.1}{\376\377\225\356\230\230\116\000\000\040\163\257\130\203\133\211\210\305}{section.2}% 7
\BOOKMARK [2][-]{subsection.2.2}{\376\377\225\356\230\230\116\214\000\040\136\070\165\050\151\202\163\207\122\006\136\003}{section.2}% 8
\BOOKMARK [3][-]{subsubsection.2.2.1}{\376\377\116\044\160\271\122\006\136\003\000\050\000T\000w\000o\000\040\000p\000o\000i\000n\000t\000\040\000d\000i\000s\000t\000r\000i\000b\000u\000t\000i\000o\000n\000\051}{subsection.2.2}% 9
\BOOKMARK [3][-]{subsubsection.2.2.2}{\376\377\116\214\230\171\122\006\136\003\000\050\000B\000i\000n\000o\000m\000i\000a\000l\000\040\000d\000i\000s\000t\000r\000i\000b\000u\000t\000i\000o\000n\000\051}{subsection.2.2}% 10
\BOOKMARK [3][-]{subsubsection.2.2.3}{\376\377\121\340\117\125\122\006\136\003\000\050\000G\000e\000o\000m\000e\000t\000r\000i\000c\000\040\000d\000i\000s\000t\000r\000i\000b\000u\000t\000i\000o\000n\000\051}{subsection.2.2}% 11
\BOOKMARK [3][-]{subsubsection.2.2.4}{\376\377\154\312\147\176\122\006\136\003\000\050\000P\000o\000s\000s\000i\000o\000n\000\040\000d\000i\000s\000t\000r\000i\000b\000u\000t\000i\000o\000n\000\051}{subsection.2.2}% 12
\BOOKMARK [3][-]{subsubsection.2.2.5}{\376\377\127\107\123\000\122\006\136\003\000\050\000U\000n\000i\000f\000o\000r\000m\000\040\000d\000i\000s\000t\000r\000i\000b\000u\000t\000i\000o\000n\000\051}{subsection.2.2}% 13
\BOOKMARK [3][-]{subsubsection.2.2.6}{\376\377\143\007\145\160\122\006\136\003\000\050\000E\000x\000p\000o\000n\000e\000n\000t\000i\000a\000l\000\040\000d\000i\000s\000t\000r\000i\000b\000u\000t\000i\000o\000n\000\051}{subsection.2.2}% 14
\BOOKMARK [3][-]{subsubsection.2.2.7}{\376\377\153\143\140\001\122\006\136\003\000\050\000N\000o\000r\000m\000a\000l\000\040\000d\000i\000s\000t\000r\000i\000b\000u\000t\000i\000o\000n\000\051}{subsection.2.2}% 15
\BOOKMARK [2][-]{subsection.2.3}{\376\377\225\356\230\230\116\011\000\040\147\000\131\047\117\074\161\066\117\060\213\241\000\050\000M\000L\000E\000\051}{section.2}% 16
\BOOKMARK [1][-]{section.3}{\376\377\117\134\116\032\156\005\123\125\377\010\0004\000/\0002\0007\377\011}{}% 17
\BOOKMARK [2][-]{subsection.3.1}{\376\377\225\356\230\230\116\000\000\040\161\237\140\211\213\373\121\231\000\040\000C\000S\000V\000\040\145\207\116\366}{section.3}% 18
\BOOKMARK [3][-]{subsubsection.3.1.1}{\376\377\133\127\173\046\116\062\213\373\121\145\000\040\000C\000S\000V}{subsection.3.1}% 19
\BOOKMARK [3][-]{subsubsection.3.1.2}{\376\377\116\316\145\207\116\366\213\373\121\145\000\040\000C\000S\000V}{subsection.3.1}% 20
\BOOKMARK [3][-]{subsubsection.3.1.3}{\376\377\121\231\121\145\000C\000S\000V}{subsection.3.1}% 21
\BOOKMARK [2][-]{subsection.3.2}{\376\377\225\356\230\230\116\214\000\040\000O\000r\000a\000n\000g\000e\000\040\166\204\117\177\165\050}{section.3}% 22
\BOOKMARK [2][-]{subsection.3.3}{\376\377\225\356\230\230\126\333\000\040\176\330\122\066\142\337\124\010\146\362\176\277}{section.3}% 23
\BOOKMARK [2][-]{subsection.3.4}{\376\377\225\356\230\230\116\224\000\040\116\000\121\103\176\277\140\047\126\336\137\122}{section.3}% 24
\BOOKMARK [1][-]{section.4}{\376\377\117\134\116\032\156\005\123\125\377\010\0004\000/\0002\0009\060\001\0005\000/\0004\377\011}{}% 25
\BOOKMARK [2][-]{subsection.4.1}{\376\377\225\356\230\230\116\000\000\040\142\077\116\367\133\236\232\214}{section.4}% 26
\BOOKMARK [3][-]{subsubsection.4.1.1}{\376\377\116\000\121\103\126\336\137\122\152\041\127\213}{subsection.4.1}% 27
\BOOKMARK [3][-]{subsubsection.4.1.2}{\376\377\131\032\121\103\126\336\137\122\152\041\127\213}{subsection.4.1}% 28
\BOOKMARK [2][-]{subsection.4.2}{\376\377\225\356\230\230\116\214\000\040\217\307\142\337\124\010\124\214\153\040\142\337\124\010}{section.4}% 29
\BOOKMARK [2][-]{subsection.4.3}{\376\377\225\356\230\230\116\011\000\040\234\215\234\174\136\164\237\204\230\204\155\113}{section.4}% 30
\BOOKMARK [1][-]{section.5}{\376\377\117\134\116\032\156\005\123\125\377\010\0005\000/\0006\377\011}{}% 31
\BOOKMARK [2][-]{subsection.5.1}{\376\377\225\356\230\230\116\000\000\040\145\160\143\156\156\005\155\027}{section.5}% 32
\BOOKMARK [3][-]{subsubsection.5.1.1}{\376\377\177\072\131\061\120\074}{subsection.5.1}% 33
\BOOKMARK [3][-]{subsubsection.5.1.2}{\376\377\126\152\130\360\145\160\143\156}{subsection.5.1}% 34
\BOOKMARK [2][-]{subsection.5.2}{\376\377\225\356\230\230\116\214\000\040\122\040\226\144\124\214\130\153\210\145}{section.5}% 35
\BOOKMARK [3][-]{subsubsection.5.2.1}{\376\377\122\040\226\144}{subsection.5.2}% 36
\BOOKMARK [3][-]{subsubsection.5.2.2}{\376\377\130\153\210\145}{subsection.5.2}% 37
\BOOKMARK [2][-]{subsection.5.3}{\376\377\225\356\230\230\116\011\000\040\126\336\137\122\145\271\154\325\130\153\210\145}{section.5}% 38
\BOOKMARK [2][-]{subsection.5.4}{\376\377\200\314\146\157\143\317\217\360\377\032}{section.5}% 39
\BOOKMARK [2][-]{subsection.5.5}{\376\377\136\224\165\050\127\072\146\157\377\032}{section.5}% 40
\BOOKMARK [2][-]{subsection.5.6}{\376\377\145\271\154\325\153\145\232\244\377\032}{section.5}% 41
\BOOKMARK [1][-]{section.6}{\376\377\117\134\116\032\156\005\123\125\377\010\0005\000/\0001\0001\377\011}{}% 42
\BOOKMARK [2][-]{subsection.6.1}{\376\377\225\356\230\230\116\000\000\040\000P\000a\000n\000d\000a\000s\000\040\127\372\170\100}{section.6}% 43
\BOOKMARK [3][-]{subsubsection.6.1.1}{\376\377\000S\000e\000r\000i\000e\000s\000\040\133\371\214\141}{subsection.6.1}% 44
\BOOKMARK [3][-]{subsubsection.6.1.2}{\376\377\000D\000a\000t\000a\000F\000r\000a\000m\000e\000\040\133\371\214\141}{subsection.6.1}% 45
\BOOKMARK [3][-]{subsubsection.6.1.3}{\376\377\000D\000a\000t\000a\000F\000r\000a\000m\000e\000\040\217\154\143\142}{subsection.6.1}% 46
\BOOKMARK [3][-]{subsubsection.6.1.4}{\376\377\133\371\000D\000a\000t\000a\000F\000r\000a\000m\000e\000\040\143\222\136\217}{subsection.6.1}% 47
\BOOKMARK [3][-]{subsubsection.6.1.5}{\376\377\145\160\143\156\200\132\124\010}{subsection.6.1}% 48
\BOOKMARK [2][-]{subsection.6.2}{\376\377\225\356\230\230\116\214\000\040\000K\000N\000N\000\040\000M\000o\000d\000e\000l}{section.6}% 49
\BOOKMARK [2][-]{subsection.6.3}{\376\377\225\356\230\230\116\011\000\040\136\070\165\050\215\335\171\273}{section.6}% 50
\BOOKMARK [3][-]{subsubsection.6.3.1}{\376\377\146\374\124\310\230\177\215\335\171\273\000\050\000\050\000M\000a\000n\000h\000a\000t\000t\000a\000n\000\040\000D\000i\000s\000t\000a\000n\000c\000e\000\051\000\051}{subsection.6.3}% 51
\BOOKMARK [3][-]{subsubsection.6.3.2}{\376\377\122\007\153\324\226\352\131\053\215\335\171\273\000\050\000C\000h\000e\000b\000y\000s\000h\000e\000v\000\040\000D\000i\000s\000t\000a\000n\000c\000e\000\051}{subsection.6.3}% 52
\BOOKMARK [3][-]{subsubsection.6.3.3}{\376\377\225\365\123\357\131\053\145\257\127\372\215\335\171\273\000\050\000M\000i\000n\000k\000o\000w\000s\000k\000i\000\040\000D\000i\000s\000t\000a\000n\000c\000e\000\051}{subsection.6.3}% 53
\BOOKMARK [3][-]{subsubsection.6.3.4}{\376\377\150\007\121\306\123\026\153\047\137\017\215\335\171\273\000\050\000S\000t\000a\000n\000d\000a\000r\000d\000i\000z\000e\000d\000\040\000E\000u\000c\000l\000i\000d\000e\000a\000n\000\040\000D\000i\000s\000t\000a\000n\000c\000e\000\051}{subsection.6.3}% 54
\BOOKMARK [3][-]{subsubsection.6.3.5}{\376\377\232\154\154\017\215\335\171\273\000\050\000M\000a\000h\000a\000l\000a\000n\000o\000b\000i\000s\000\040\000D\000i\000s\000t\000a\000n\000c\000e\000\051}{subsection.6.3}% 55
\BOOKMARK [1][-]{section.7}{\376\377\117\134\116\032\156\005\123\125\377\010\0005\000/\0001\0003\377\011}{}% 56
\BOOKMARK [2][-]{subsection.7.1}{\376\377\225\356\230\230\0001\000\040\000K\000M\000e\000a\000n\000s\000\050\000I\000\051}{section.7}% 57
\BOOKMARK [2][-]{subsection.7.2}{\376\377\225\356\230\230\116\214\000\040\000K\000M\000e\000a\000n\000s\000\050\000I\000I\000\051}{section.7}% 58
\BOOKMARK [2][-]{subsection.7.3}{\376\377\225\356\230\230\116\011\000\040\000K\000N\000N\000\040\124\214\000\040\000K\000M\000e\000a\000n\000s}{section.7}% 59
\BOOKMARK [2][-]{subsection.7.4}{\376\377\225\356\230\230\126\333\000\040\000K\000M\000e\000a\000n\000s\000\050\000I\000I\000I\000\051}{section.7}% 60
\BOOKMARK [2][-]{subsection.7.5}{\376\377\225\356\230\230\116\224\000\040\000K\000M\000e\000a\000n\000s\000\050\000I\000V\000\051}{section.7}% 61
\BOOKMARK [2][-]{subsection.7.6}{\376\377\225\356\230\230\121\155\000\040\000K\000N\000N\000\040\124\214\000\040\000K\000M\000e\000a\000n\000s\000\040\166\204\177\072\226\167}{section.7}% 62
