This is pdfTeX, Version 3.14159265-2.6-1.40.20 (TeX Live 2019/W32TeX) (preloaded format=pdflatex 2020.1.10)  14 MAY 2020 09:16
entering extended mode
 restricted \write18 enabled.
 %&-line parsing enabled.
**Untitled.tex
(./Untitled.tex
LaTeX2e <2018-12-01>
(d:/Program Files/texlive/texlive/2019/texmf-dist/tex/latex/base/article.cls
Document Class: article 2018/09/03 v1.4i Standard LaTeX document class
(d:/Program Files/texlive/texlive/2019/texmf-dist/tex/latex/base/size11.clo
File: size11.clo 2018/09/03 v1.4i Standard LaTeX file (size option)
)
\c@part=\count80
\c@section=\count81
\c@subsection=\count82
\c@subsubsection=\count83
\c@paragraph=\count84
\c@subparagraph=\count85
\c@figure=\count86
\c@table=\count87
\abovecaptionskip=\skip41
\belowcaptionskip=\skip42
\bibindent=\dimen102
)
(d:/Program Files/texlive/texlive/2019/texmf-dist/tex/latex/tcolorbox/tcolorbox
.sty
Package: tcolorbox 2019/03/02 version 4.20 text color boxes

(d:/Program Files/texlive/texlive/2019/texmf-dist/tex/latex/pgf/basiclayer/pgf.
sty
(d:/Program Files/texlive/texlive/2019/texmf-dist/tex/latex/pgf/utilities/pgfrc
s.sty
(d:/Program Files/texlive/texlive/2019/texmf-dist/tex/generic/pgf/utilities/pgf
util-common.tex
\pgfutil@everybye=\toks14
\pgfutil@tempdima=\dimen103
\pgfutil@tempdimb=\dimen104

(d:/Program Files/texlive/texlive/2019/texmf-dist/tex/generic/pgf/utilities/pgf
util-common-lists.tex))
(d:/Program Files/texlive/texlive/2019/texmf-dist/tex/generic/pgf/utilities/pgf
util-latex.def
\pgfutil@abb=\box27

(d:/Program Files/texlive/texlive/2019/texmf-dist/tex/latex/ms/everyshi.sty
Package: everyshi 2001/05/15 v3.00 EveryShipout Package (MS)
))
(d:/Program Files/texlive/texlive/2019/texmf-dist/tex/generic/pgf/utilities/pgf
rcs.code.tex
(d:/Program Files/texlive/texlive/2019/texmf-dist/tex/generic/pgf/pgf.revision.
tex)
Package: pgfrcs 2019/02/02 v3.1.1 (3.1.1)
))
Package: pgf 2019/02/02 v3.1.1 (3.1.1)

(d:/Program Files/texlive/texlive/2019/texmf-dist/tex/latex/pgf/basiclayer/pgfc
ore.sty
(d:/Program Files/texlive/texlive/2019/texmf-dist/tex/latex/graphics/graphicx.s
ty
Package: graphicx 2017/06/01 v1.1a Enhanced LaTeX Graphics (DPC,SPQR)

(d:/Program Files/texlive/texlive/2019/texmf-dist/tex/latex/graphics/keyval.sty
Package: keyval 2014/10/28 v1.15 key=value parser (DPC)
\KV@toks@=\toks15
)
(d:/Program Files/texlive/texlive/2019/texmf-dist/tex/latex/graphics/graphics.s
ty
Package: graphics 2017/06/25 v1.2c Standard LaTeX Graphics (DPC,SPQR)

(d:/Program Files/texlive/texlive/2019/texmf-dist/tex/latex/graphics/trig.sty
Package: trig 2016/01/03 v1.10 sin cos tan (DPC)
)
(d:/Program Files/texlive/texlive/2019/texmf-dist/tex/latex/graphics-cfg/graphi
cs.cfg
File: graphics.cfg 2016/06/04 v1.11 sample graphics configuration
)
Package graphics Info: Driver file: pdftex.def on input line 99.

(d:/Program Files/texlive/texlive/2019/texmf-dist/tex/latex/graphics-def/pdftex
.def
File: pdftex.def 2018/01/08 v1.0l Graphics/color driver for pdftex
))
\Gin@req@height=\dimen105
\Gin@req@width=\dimen106
)
(d:/Program Files/texlive/texlive/2019/texmf-dist/tex/latex/pgf/systemlayer/pgf
sys.sty
(d:/Program Files/texlive/texlive/2019/texmf-dist/tex/generic/pgf/systemlayer/p
gfsys.code.tex
Package: pgfsys 2019/02/02 v3.1.1 (3.1.1)

(d:/Program Files/texlive/texlive/2019/texmf-dist/tex/generic/pgf/utilities/pgf
keys.code.tex
\pgfkeys@pathtoks=\toks16
\pgfkeys@temptoks=\toks17

(d:/Program Files/texlive/texlive/2019/texmf-dist/tex/generic/pgf/utilities/pgf
keysfiltered.code.tex
\pgfkeys@tmptoks=\toks18
))
\pgf@x=\dimen107
\pgf@y=\dimen108
\pgf@xa=\dimen109
\pgf@ya=\dimen110
\pgf@xb=\dimen111
\pgf@yb=\dimen112
\pgf@xc=\dimen113
\pgf@yc=\dimen114
\w@pgf@writea=\write3
\r@pgf@reada=\read1
\c@pgf@counta=\count88
\c@pgf@countb=\count89
\c@pgf@countc=\count90
\c@pgf@countd=\count91
\t@pgf@toka=\toks19
\t@pgf@tokb=\toks20
\t@pgf@tokc=\toks21
\pgf@sys@id@count=\count92

(d:/Program Files/texlive/texlive/2019/texmf-dist/tex/generic/pgf/systemlayer/p
gf.cfg
File: pgf.cfg 2019/02/02 v3.1.1 (3.1.1)
)
Driver file for pgf: pgfsys-pdftex.def

(d:/Program Files/texlive/texlive/2019/texmf-dist/tex/generic/pgf/systemlayer/p
gfsys-pdftex.def
File: pgfsys-pdftex.def 2019/02/02 v3.1.1 (3.1.1)

(d:/Program Files/texlive/texlive/2019/texmf-dist/tex/generic/pgf/systemlayer/p
gfsys-common-pdf.def
File: pgfsys-common-pdf.def 2019/02/02 v3.1.1 (3.1.1)
)))
(d:/Program Files/texlive/texlive/2019/texmf-dist/tex/generic/pgf/systemlayer/p
gfsyssoftpath.code.tex
File: pgfsyssoftpath.code.tex 2019/02/02 v3.1.1 (3.1.1)
\pgfsyssoftpath@smallbuffer@items=\count93
\pgfsyssoftpath@bigbuffer@items=\count94
)
(d:/Program Files/texlive/texlive/2019/texmf-dist/tex/generic/pgf/systemlayer/p
gfsysprotocol.code.tex
File: pgfsysprotocol.code.tex 2019/02/02 v3.1.1 (3.1.1)
))
(d:/Program Files/texlive/texlive/2019/texmf-dist/tex/latex/xcolor/xcolor.sty
Package: xcolor 2016/05/11 v2.12 LaTeX color extensions (UK)

(d:/Program Files/texlive/texlive/2019/texmf-dist/tex/latex/graphics-cfg/color.
cfg
File: color.cfg 2016/01/02 v1.6 sample color configuration
)
Package xcolor Info: Driver file: pdftex.def on input line 225.
Package xcolor Info: Model `cmy' substituted by `cmy0' on input line 1348.
Package xcolor Info: Model `hsb' substituted by `rgb' on input line 1352.
Package xcolor Info: Model `RGB' extended on input line 1364.
Package xcolor Info: Model `HTML' substituted by `rgb' on input line 1366.
Package xcolor Info: Model `Hsb' substituted by `hsb' on input line 1367.
Package xcolor Info: Model `tHsb' substituted by `hsb' on input line 1368.
Package xcolor Info: Model `HSB' substituted by `hsb' on input line 1369.
Package xcolor Info: Model `Gray' substituted by `gray' on input line 1370.
Package xcolor Info: Model `wave' substituted by `hsb' on input line 1371.
)
(d:/Program Files/texlive/texlive/2019/texmf-dist/tex/generic/pgf/basiclayer/pg
fcore.code.tex
Package: pgfcore 2019/02/02 v3.1.1 (3.1.1)

(d:/Program Files/texlive/texlive/2019/texmf-dist/tex/generic/pgf/math/pgfmath.
code.tex
(d:/Program Files/texlive/texlive/2019/texmf-dist/tex/generic/pgf/math/pgfmathc
alc.code.tex
(d:/Program Files/texlive/texlive/2019/texmf-dist/tex/generic/pgf/math/pgfmathu
til.code.tex)
(d:/Program Files/texlive/texlive/2019/texmf-dist/tex/generic/pgf/math/pgfmathp
arser.code.tex
\pgfmath@dimen=\dimen115
\pgfmath@count=\count95
\pgfmath@box=\box28
\pgfmath@toks=\toks22
\pgfmath@stack@operand=\toks23
\pgfmath@stack@operation=\toks24
)
(d:/Program Files/texlive/texlive/2019/texmf-dist/tex/generic/pgf/math/pgfmathf
unctions.code.tex
(d:/Program Files/texlive/texlive/2019/texmf-dist/tex/generic/pgf/math/pgfmathf
unctions.basic.code.tex)
(d:/Program Files/texlive/texlive/2019/texmf-dist/tex/generic/pgf/math/pgfmathf
unctions.trigonometric.code.tex)
(d:/Program Files/texlive/texlive/2019/texmf-dist/tex/generic/pgf/math/pgfmathf
unctions.random.code.tex)
(d:/Program Files/texlive/texlive/2019/texmf-dist/tex/generic/pgf/math/pgfmathf
unctions.comparison.code.tex)
(d:/Program Files/texlive/texlive/2019/texmf-dist/tex/generic/pgf/math/pgfmathf
unctions.base.code.tex)
(d:/Program Files/texlive/texlive/2019/texmf-dist/tex/generic/pgf/math/pgfmathf
unctions.round.code.tex)
(d:/Program Files/texlive/texlive/2019/texmf-dist/tex/generic/pgf/math/pgfmathf
unctions.misc.code.tex)
(d:/Program Files/texlive/texlive/2019/texmf-dist/tex/generic/pgf/math/pgfmathf
unctions.integerarithmetics.code.tex)))
(d:/Program Files/texlive/texlive/2019/texmf-dist/tex/generic/pgf/math/pgfmathf
loat.code.tex
\c@pgfmathroundto@lastzeros=\count96
))
(d:/Program Files/texlive/texlive/2019/texmf-dist/tex/generic/pgf/basiclayer/pg
fcorepoints.code.tex
File: pgfcorepoints.code.tex 2019/02/02 v3.1.1 (3.1.1)
\pgf@picminx=\dimen116
\pgf@picmaxx=\dimen117
\pgf@picminy=\dimen118
\pgf@picmaxy=\dimen119
\pgf@pathminx=\dimen120
\pgf@pathmaxx=\dimen121
\pgf@pathminy=\dimen122
\pgf@pathmaxy=\dimen123
\pgf@xx=\dimen124
\pgf@xy=\dimen125
\pgf@yx=\dimen126
\pgf@yy=\dimen127
\pgf@zx=\dimen128
\pgf@zy=\dimen129
)
(d:/Program Files/texlive/texlive/2019/texmf-dist/tex/generic/pgf/basiclayer/pg
fcorepathconstruct.code.tex
File: pgfcorepathconstruct.code.tex 2019/02/02 v3.1.1 (3.1.1)
\pgf@path@lastx=\dimen130
\pgf@path@lasty=\dimen131
)
(d:/Program Files/texlive/texlive/2019/texmf-dist/tex/generic/pgf/basiclayer/pg
fcorepathusage.code.tex
File: pgfcorepathusage.code.tex 2019/02/02 v3.1.1 (3.1.1)
\pgf@shorten@end@additional=\dimen132
\pgf@shorten@start@additional=\dimen133
)
(d:/Program Files/texlive/texlive/2019/texmf-dist/tex/generic/pgf/basiclayer/pg
fcorescopes.code.tex
File: pgfcorescopes.code.tex 2019/02/02 v3.1.1 (3.1.1)
\pgfpic=\box29
\pgf@hbox=\box30
\pgf@layerbox@main=\box31
\pgf@picture@serial@count=\count97
)
(d:/Program Files/texlive/texlive/2019/texmf-dist/tex/generic/pgf/basiclayer/pg
fcoregraphicstate.code.tex
File: pgfcoregraphicstate.code.tex 2019/02/02 v3.1.1 (3.1.1)
\pgflinewidth=\dimen134
)
(d:/Program Files/texlive/texlive/2019/texmf-dist/tex/generic/pgf/basiclayer/pg
fcoretransformations.code.tex
File: pgfcoretransformations.code.tex 2019/02/02 v3.1.1 (3.1.1)
\pgf@pt@x=\dimen135
\pgf@pt@y=\dimen136
\pgf@pt@temp=\dimen137
)
(d:/Program Files/texlive/texlive/2019/texmf-dist/tex/generic/pgf/basiclayer/pg
fcorequick.code.tex
File: pgfcorequick.code.tex 2019/02/02 v3.1.1 (3.1.1)
)
(d:/Program Files/texlive/texlive/2019/texmf-dist/tex/generic/pgf/basiclayer/pg
fcoreobjects.code.tex
File: pgfcoreobjects.code.tex 2019/02/02 v3.1.1 (3.1.1)
)
(d:/Program Files/texlive/texlive/2019/texmf-dist/tex/generic/pgf/basiclayer/pg
fcorepathprocessing.code.tex
File: pgfcorepathprocessing.code.tex 2019/02/02 v3.1.1 (3.1.1)
)
(d:/Program Files/texlive/texlive/2019/texmf-dist/tex/generic/pgf/basiclayer/pg
fcorearrows.code.tex
File: pgfcorearrows.code.tex 2019/02/02 v3.1.1 (3.1.1)
\pgfarrowsep=\dimen138
)
(d:/Program Files/texlive/texlive/2019/texmf-dist/tex/generic/pgf/basiclayer/pg
fcoreshade.code.tex
File: pgfcoreshade.code.tex 2019/02/02 v3.1.1 (3.1.1)
\pgf@max=\dimen139
\pgf@sys@shading@range@num=\count98
)
(d:/Program Files/texlive/texlive/2019/texmf-dist/tex/generic/pgf/basiclayer/pg
fcoreimage.code.tex
File: pgfcoreimage.code.tex 2019/02/02 v3.1.1 (3.1.1)

(d:/Program Files/texlive/texlive/2019/texmf-dist/tex/generic/pgf/basiclayer/pg
fcoreexternal.code.tex
File: pgfcoreexternal.code.tex 2019/02/02 v3.1.1 (3.1.1)
\pgfexternal@startupbox=\box32
))
(d:/Program Files/texlive/texlive/2019/texmf-dist/tex/generic/pgf/basiclayer/pg
fcorelayers.code.tex
File: pgfcorelayers.code.tex 2019/02/02 v3.1.1 (3.1.1)
)
(d:/Program Files/texlive/texlive/2019/texmf-dist/tex/generic/pgf/basiclayer/pg
fcoretransparency.code.tex
File: pgfcoretransparency.code.tex 2019/02/02 v3.1.1 (3.1.1)
)
(d:/Program Files/texlive/texlive/2019/texmf-dist/tex/generic/pgf/basiclayer/pg
fcorepatterns.code.tex
File: pgfcorepatterns.code.tex 2019/02/02 v3.1.1 (3.1.1)
)
(d:/Program Files/texlive/texlive/2019/texmf-dist/tex/generic/pgf/basiclayer/pg
fcorerdf.code.tex
File: pgfcorerdf.code.tex 2019/02/02 v3.1.1 (3.1.1)
)))
(d:/Program Files/texlive/texlive/2019/texmf-dist/tex/generic/pgf/modules/pgfmo
duleshapes.code.tex
File: pgfmoduleshapes.code.tex 2019/02/02 v3.1.1 (3.1.1)
\pgfnodeparttextbox=\box33
)
(d:/Program Files/texlive/texlive/2019/texmf-dist/tex/generic/pgf/modules/pgfmo
duleplot.code.tex
File: pgfmoduleplot.code.tex 2019/02/02 v3.1.1 (3.1.1)
)
(d:/Program Files/texlive/texlive/2019/texmf-dist/tex/latex/pgf/compatibility/p
gfcomp-version-0-65.sty
Package: pgfcomp-version-0-65 2019/02/02 v3.1.1 (3.1.1)
\pgf@nodesepstart=\dimen140
\pgf@nodesepend=\dimen141
)
(d:/Program Files/texlive/texlive/2019/texmf-dist/tex/latex/pgf/compatibility/p
gfcomp-version-1-18.sty
Package: pgfcomp-version-1-18 2019/02/02 v3.1.1 (3.1.1)
))
(d:/Program Files/texlive/texlive/2019/texmf-dist/tex/latex/tools/verbatim.sty
Package: verbatim 2014/10/28 v1.5q LaTeX2e package for verbatim enhancements
\every@verbatim=\toks25
\verbatim@line=\toks26
\verbatim@in@stream=\read2
)
(d:/Program Files/texlive/texlive/2019/texmf-dist/tex/latex/environ/environ.sty
Package: environ 2014/05/04 v0.3 A new way to define environments

(d:/Program Files/texlive/texlive/2019/texmf-dist/tex/latex/trimspaces/trimspac
es.sty
Package: trimspaces 2009/09/17 v1.1 Trim spaces around a token list
)
\@envbody=\toks27
)
(d:/Program Files/texlive/texlive/2019/texmf-dist/tex/latex/etoolbox/etoolbox.s
ty
Package: etoolbox 2018/08/19 v2.5f e-TeX tools for LaTeX (JAW)
\etb@tempcnta=\count99
)
\tcb@titlebox=\box34
\tcb@upperbox=\box35
\tcb@lowerbox=\box36
\tcb@phantombox=\box37
\c@tcbbreakpart=\count100
\c@tcblayer=\count101
\tcolorbox@number=\count102
\tcb@temp=\box38
\tcb@temp=\box39
\tcb@temp=\box40
\tcb@temp=\box41
\tcb@out=\write4
\tcb@record@out=\write5

(d:/Program Files/texlive/texlive/2019/texmf-dist/tex/latex/tcolorbox/tcbbreaka
ble.code.tex
Library (tcolorbox): 'tcbbreakable.code.tex' version '4.20'
\tcb@testbox=\box42
\tcb@totalupperbox=\box43
\tcb@totallowerbox=\box44
))
(d:/Program Files/texlive/texlive/2019/texmf-dist/tex/latex/parskip/parskip.sty
Package: parskip 2019-01-16 v2.0c non-zero parskip adjustments

(d:/Program Files/texlive/texlive/2019/texmf-dist/tex/latex/oberdiek/kvoptions.
sty
Package: kvoptions 2016/05/16 v3.12 Key value format for package options (HO)

(d:/Program Files/texlive/texlive/2019/texmf-dist/tex/generic/oberdiek/ltxcmds.
sty
Package: ltxcmds 2016/05/16 v1.23 LaTeX kernel commands for general use (HO)
)
(d:/Program Files/texlive/texlive/2019/texmf-dist/tex/generic/oberdiek/kvsetkey
s.sty
Package: kvsetkeys 2016/05/16 v1.17 Key value parser (HO)

(d:/Program Files/texlive/texlive/2019/texmf-dist/tex/generic/oberdiek/infwarer
r.sty
Package: infwarerr 2016/05/16 v1.4 Providing info/warning/error messages (HO)
)
(d:/Program Files/texlive/texlive/2019/texmf-dist/tex/generic/oberdiek/etexcmds
.sty
Package: etexcmds 2016/05/16 v1.6 Avoid name clashes with e-TeX commands (HO)

(d:/Program Files/texlive/texlive/2019/texmf-dist/tex/generic/oberdiek/ifluatex
.sty
Package: ifluatex 2016/05/16 v1.4 Provides the ifluatex switch (HO)
Package ifluatex Info: LuaTeX not detected.
)))))
(d:/Program Files/texlive/texlive/2019/texmf-dist/tex/generic/iftex/iftex.sty
Package: iftex 2013/04/04 v0.2 Provides if(tex) conditional for PDFTeX, XeTeX, 
and LuaTeX
)
(d:/Program Files/texlive/texlive/2019/texmf-dist/tex/latex/base/fontenc.sty
Package: fontenc 2018/08/11 v2.0j Standard LaTeX package

(d:/Program Files/texlive/texlive/2019/texmf-dist/tex/latex/base/t1enc.def
File: t1enc.def 2018/08/11 v2.0j Standard LaTeX file
LaTeX Font Info:    Redeclaring font encoding T1 on input line 48.
))
(d:/Program Files/texlive/texlive/2019/texmf-dist/tex/latex/psnfss/mathpazo.sty
Package: mathpazo 2005/04/12 PSNFSS-v9.2a Palatino w/ Pazo Math (D.Puga, WaS) 
\symupright=\mathgroup4
) (d:/Program Files/texlive/texlive/2019/texmf-dist/tex/latex/ctex/ctex.sty
(d:/Program Files/texlive/texlive/2019/texmf-dist/tex/latex/l3kernel/expl3.sty
Package: expl3 2019-04-06 L3 programming layer (loader) 

(d:/Program Files/texlive/texlive/2019/texmf-dist/tex/latex/l3kernel/expl3-code
.tex
Package: expl3 2019-04-06 L3 programming layer (code)
\c_max_int=\count103
\l_tmpa_int=\count104
\l_tmpb_int=\count105
\g_tmpa_int=\count106
\g_tmpb_int=\count107
\g__kernel_prg_map_int=\count108
\c__ior_term_ior=\count109
\c_log_iow=\count110
\l_iow_line_count_int=\count111
\l__iow_line_target_int=\count112
\l__iow_one_indent_int=\count113
\l__iow_indent_int=\count114
\c_zero_dim=\dimen142
\c_max_dim=\dimen143
\l_tmpa_dim=\dimen144
\l_tmpb_dim=\dimen145
\g_tmpa_dim=\dimen146
\g_tmpb_dim=\dimen147
\c_zero_skip=\skip43
\c_max_skip=\skip44
\l_tmpa_skip=\skip45
\l_tmpb_skip=\skip46
\g_tmpa_skip=\skip47
\g_tmpb_skip=\skip48
\c_zero_muskip=\muskip10
\c_max_muskip=\muskip11
\l_tmpa_muskip=\muskip12
\l_tmpb_muskip=\muskip13
\g_tmpa_muskip=\muskip14
\g_tmpb_muskip=\muskip15
\l_keys_choice_int=\count115
\l__intarray_loop_int=\count116
\c__intarray_sp_dim=\dimen148
\g__intarray_font_int=\count117
\c__fp_leading_shift_int=\count118
\c__fp_middle_shift_int=\count119
\c__fp_trailing_shift_int=\count120
\c__fp_big_leading_shift_int=\count121
\c__fp_big_middle_shift_int=\count122
\c__fp_big_trailing_shift_int=\count123
\c__fp_Bigg_leading_shift_int=\count124
\c__fp_Bigg_middle_shift_int=\count125
\c__fp_Bigg_trailing_shift_int=\count126
\c__kernel_randint_max_int=\count127
\g__fp_array_int=\count128
\l__fp_array_loop_int=\count129
\l__sort_length_int=\count130
\l__sort_min_int=\count131
\l__sort_top_int=\count132
\l__sort_max_int=\count133
\l__sort_true_max_int=\count134
\l__sort_block_int=\count135
\l__sort_begin_int=\count136
\l__sort_end_int=\count137
\l__sort_A_int=\count138
\l__sort_B_int=\count139
\l__sort_C_int=\count140
\l__tl_analysis_normal_int=\count141
\l__tl_analysis_index_int=\count142
\l__tl_analysis_nesting_int=\count143
\l__tl_analysis_type_int=\count144
\l__regex_internal_a_int=\count145
\l__regex_internal_b_int=\count146
\l__regex_internal_c_int=\count147
\l__regex_balance_int=\count148
\l__regex_group_level_int=\count149
\l__regex_mode_int=\count150
\c__regex_cs_in_class_mode_int=\count151
\c__regex_cs_mode_int=\count152
\l__regex_catcodes_int=\count153
\l__regex_default_catcodes_int=\count154
\c__regex_catcode_D_int=\count155
\c__regex_catcode_S_int=\count156
\c__regex_catcode_L_int=\count157
\c__regex_catcode_O_int=\count158
\c__regex_catcode_A_int=\count159
\c__regex_all_catcodes_int=\count160
\l__regex_show_lines_int=\count161
\l__regex_min_state_int=\count162
\l__regex_max_state_int=\count163
\l__regex_left_state_int=\count164
\l__regex_right_state_int=\count165
\l__regex_capturing_group_int=\count166
\l__regex_min_pos_int=\count167
\l__regex_max_pos_int=\count168
\l__regex_curr_pos_int=\count169
\l__regex_start_pos_int=\count170
\l__regex_success_pos_int=\count171
\l__regex_curr_char_int=\count172
\l__regex_curr_catcode_int=\count173
\l__regex_last_char_int=\count174
\l__regex_case_changed_char_int=\count175
\l__regex_curr_state_int=\count176
\l__regex_step_int=\count177
\l__regex_min_active_int=\count178
\l__regex_max_active_int=\count179
\l__regex_replacement_csnames_int=\count180
\l__regex_match_count_int=\count181
\l__regex_min_submatch_int=\count182
\l__regex_submatch_int=\count183
\l__regex_zeroth_submatch_int=\count184
\g__regex_trace_regex_int=\count185
\c_empty_box=\box45
\l_tmpa_box=\box46
\l_tmpb_box=\box47
\g_tmpa_box=\box48
\g_tmpb_box=\box49
\l__box_top_dim=\dimen149
\l__box_bottom_dim=\dimen150
\l__box_left_dim=\dimen151
\l__box_right_dim=\dimen152
\l__box_top_new_dim=\dimen153
\l__box_bottom_new_dim=\dimen154
\l__box_left_new_dim=\dimen155
\l__box_right_new_dim=\dimen156
\l__box_internal_box=\box50
\l__coffin_internal_box=\box51
\l__coffin_internal_dim=\dimen157
\l__coffin_offset_x_dim=\dimen158
\l__coffin_offset_y_dim=\dimen159
\l__coffin_x_dim=\dimen160
\l__coffin_y_dim=\dimen161
\l__coffin_x_prime_dim=\dimen162
\l__coffin_y_prime_dim=\dimen163
\c_empty_coffin=\box52
\l__coffin_aligned_coffin=\box53
\l__coffin_aligned_internal_coffin=\box54
\l_tmpa_coffin=\box55
\l_tmpb_coffin=\box56
\g_tmpa_coffin=\box57
\g_tmpb_coffin=\box58
\l__coffin_bounding_shift_dim=\dimen164
\l__coffin_left_corner_dim=\dimen165
\l__coffin_right_corner_dim=\dimen166
\l__coffin_bottom_corner_dim=\dimen167
\l__coffin_top_corner_dim=\dimen168
\l__coffin_scaled_total_height_dim=\dimen169
\l__coffin_scaled_width_dim=\dimen170
\c__coffin_empty_coffin=\box59
\l__coffin_display_coffin=\box60
\l__coffin_display_coord_coffin=\box61
\l__coffin_display_pole_coffin=\box62
\l__coffin_display_offset_dim=\dimen171
\l__coffin_display_x_dim=\dimen172
\l__coffin_display_y_dim=\dimen173
\g__file_internal_ior=\read3
\l__seq_internal_a_int=\count186
\l__seq_internal_b_int=\count187
\c__deprecation_minus_one=\count188
)
(d:/Program Files/texlive/texlive/2019/texmf-dist/tex/latex/l3kernel/l3pdfmode.
def
File: l3pdfmode.def 2019-04-06 v L3 Experimental driver: PDF mode
\l__driver_color_stack_int=\count189
))
Package: ctex 2019/04/07 v2.4.15 Chinese adapter in LaTeX (CTEX)

(d:/Program Files/texlive/texlive/2019/texmf-dist/tex/latex/l3packages/xparse/x
parse.sty
Package: xparse 2019-03-05 L3 Experimental document command parser
\l__xparse_current_arg_int=\count190
\g__xparse_grabber_int=\count191
\l__xparse_m_args_int=\count192
\l__xparse_v_nesting_int=\count193
)
(d:/Program Files/texlive/texlive/2019/texmf-dist/tex/latex/l3packages/l3keys2e
/l3keys2e.sty
Package: l3keys2e 2019-03-05 LaTeX2e option processing using LaTeX3 keys
)
(d:/Program Files/texlive/texlive/2019/texmf-dist/tex/latex/ctex/ctexhook.sty
Package: ctexhook 2019/04/07 v2.4.15 Document and package hooks (CTEX)
)
(d:/Program Files/texlive/texlive/2019/texmf-dist/tex/latex/ctex/ctexpatch.sty
Package: ctexpatch 2019/04/07 v2.4.15 Patching commands (CTEX)
) (d:/Program Files/texlive/texlive/2019/texmf-dist/tex/latex/base/fix-cm.sty
Package: fix-cm 2015/01/14 v1.1t fixes to LaTeX

(d:/Program Files/texlive/texlive/2019/texmf-dist/tex/latex/base/ts1enc.def
File: ts1enc.def 2001/06/05 v3.0e (jk/car/fm) Standard LaTeX file
Now handling font encoding TS1 ...
... processing UTF-8 mapping file for font encoding TS1

(d:/Program Files/texlive/texlive/2019/texmf-dist/tex/latex/base/ts1enc.dfu
File: ts1enc.dfu 2018/10/05 v1.2f UTF-8 support for inputenc
   defining Unicode char U+00A2 (decimal 162)
   defining Unicode char U+00A3 (decimal 163)
   defining Unicode char U+00A4 (decimal 164)
   defining Unicode char U+00A5 (decimal 165)
   defining Unicode char U+00A6 (decimal 166)
   defining Unicode char U+00A7 (decimal 167)
   defining Unicode char U+00A8 (decimal 168)
   defining Unicode char U+00A9 (decimal 169)
   defining Unicode char U+00AA (decimal 170)
   defining Unicode char U+00AC (decimal 172)
   defining Unicode char U+00AE (decimal 174)
   defining Unicode char U+00AF (decimal 175)
   defining Unicode char U+00B0 (decimal 176)
   defining Unicode char U+00B1 (decimal 177)
   defining Unicode char U+00B2 (decimal 178)
   defining Unicode char U+00B3 (decimal 179)
   defining Unicode char U+00B4 (decimal 180)
   defining Unicode char U+00B5 (decimal 181)
   defining Unicode char U+00B6 (decimal 182)
   defining Unicode char U+00B7 (decimal 183)
   defining Unicode char U+00B9 (decimal 185)
   defining Unicode char U+00BA (decimal 186)
   defining Unicode char U+00BC (decimal 188)
   defining Unicode char U+00BD (decimal 189)
   defining Unicode char U+00BE (decimal 190)
   defining Unicode char U+00D7 (decimal 215)
   defining Unicode char U+00F7 (decimal 247)
   defining Unicode char U+0192 (decimal 402)
   defining Unicode char U+02C7 (decimal 711)
   defining Unicode char U+02D8 (decimal 728)
   defining Unicode char U+02DD (decimal 733)
   defining Unicode char U+0E3F (decimal 3647)
   defining Unicode char U+2016 (decimal 8214)
   defining Unicode char U+2020 (decimal 8224)
   defining Unicode char U+2021 (decimal 8225)
   defining Unicode char U+2022 (decimal 8226)
   defining Unicode char U+2030 (decimal 8240)
   defining Unicode char U+2031 (decimal 8241)
   defining Unicode char U+203B (decimal 8251)
   defining Unicode char U+203D (decimal 8253)
   defining Unicode char U+2044 (decimal 8260)
   defining Unicode char U+204E (decimal 8270)
   defining Unicode char U+2052 (decimal 8274)
   defining Unicode char U+20A1 (decimal 8353)
   defining Unicode char U+20A4 (decimal 8356)
   defining Unicode char U+20A6 (decimal 8358)
   defining Unicode char U+20A9 (decimal 8361)
   defining Unicode char U+20AB (decimal 8363)
   defining Unicode char U+20AC (decimal 8364)
   defining Unicode char U+20B1 (decimal 8369)
   defining Unicode char U+2103 (decimal 8451)
   defining Unicode char U+2116 (decimal 8470)
   defining Unicode char U+2117 (decimal 8471)
   defining Unicode char U+211E (decimal 8478)
   defining Unicode char U+2120 (decimal 8480)
   defining Unicode char U+2122 (decimal 8482)
   defining Unicode char U+2126 (decimal 8486)
   defining Unicode char U+2127 (decimal 8487)
   defining Unicode char U+212E (decimal 8494)
   defining Unicode char U+2190 (decimal 8592)
   defining Unicode char U+2191 (decimal 8593)
   defining Unicode char U+2192 (decimal 8594)
   defining Unicode char U+2193 (decimal 8595)
   defining Unicode char U+2329 (decimal 9001)
   defining Unicode char U+232A (decimal 9002)
   defining Unicode char U+2422 (decimal 9250)
   defining Unicode char U+25E6 (decimal 9702)
   defining Unicode char U+25EF (decimal 9711)
   defining Unicode char U+266A (decimal 9834)
   defining Unicode char U+FEFF (decimal 65279)
)))
(d:/Program Files/texlive/texlive/2019/texmf-dist/tex/latex/ms/everysel.sty
Package: everysel 2011/10/28 v1.2 EverySelectfont Package (MS)
)
\l__ctex_tmp_int=\count194
\l__ctex_tmp_box=\box63
\l__ctex_tmp_dim=\dimen174
\g__ctex_section_depth_int=\count195
\g__ctex_font_size_int=\count196

(d:/Program Files/texlive/texlive/2019/texmf-dist/tex/latex/ctex/config/ctexopt
s.cfg
File: ctexopts.cfg 2019/04/07 v2.4.15 Option configuration file (CTEX)
)
(d:/Program Files/texlive/texlive/2019/texmf-dist/tex/latex/ctex/engine/ctex-en
gine-pdftex.def
File: ctex-engine-pdftex.def 2019/04/07 v2.4.15 (pdf)LaTeX adapter (CTEX)

(d:/Program Files/texlive/texlive/2019/texmf-dist/tex/latex/cjk/texinput/CJKutf
8.sty
Package: CJKutf8 2015/04/18 4.8.4

(d:/Program Files/texlive/texlive/2019/texmf-dist/tex/generic/oberdiek/ifpdf.st
y
Package: ifpdf 2018/09/07 v3.3 Provides the ifpdf switch
)
(d:/Program Files/texlive/texlive/2019/texmf-dist/tex/latex/base/inputenc.sty
Package: inputenc 2018/08/11 v1.3c Input encoding file
\inpenc@prehook=\toks28
\inpenc@posthook=\toks29
)
(d:/Program Files/texlive/texlive/2019/texmf-dist/tex/latex/cjk/texinput/CJK.st
y
Package: CJK 2015/04/18 4.8.4

(d:/Program Files/texlive/texlive/2019/texmf-dist/tex/latex/cjk/texinput/mule/M
ULEenc.sty
Package: MULEenc 2015/04/18 4.8.4
)
(d:/Program Files/texlive/texlive/2019/texmf-dist/tex/latex/cjk/texinput/CJK.en
c
File: CJK.enc 2015/04/18 4.8.4
Now handling font encoding C00 ...
... no UTF-8 mapping file for font encoding C00
Now handling font encoding C05 ...
... no UTF-8 mapping file for font encoding C05
Now handling font encoding C09 ...
... no UTF-8 mapping file for font encoding C09
Now handling font encoding C10 ...
... no UTF-8 mapping file for font encoding C10
Now handling font encoding C20 ...
... no UTF-8 mapping file for font encoding C20
Now handling font encoding C19 ...
... no UTF-8 mapping file for font encoding C19
Now handling font encoding C40 ...
... no UTF-8 mapping file for font encoding C40
Now handling font encoding C42 ...
... no UTF-8 mapping file for font encoding C42
Now handling font encoding C43 ...
... no UTF-8 mapping file for font encoding C43
Now handling font encoding C50 ...
... no UTF-8 mapping file for font encoding C50
Now handling font encoding C52 ...
... no UTF-8 mapping file for font encoding C52
Now handling font encoding C49 ...
... no UTF-8 mapping file for font encoding C49
Now handling font encoding C60 ...
... no UTF-8 mapping file for font encoding C60
Now handling font encoding C61 ...
... no UTF-8 mapping file for font encoding C61
Now handling font encoding C63 ...
... no UTF-8 mapping file for font encoding C63
Now handling font encoding C64 ...
... no UTF-8 mapping file for font encoding C64
Now handling font encoding C65 ...
... no UTF-8 mapping file for font encoding C65
Now handling font encoding C70 ...
... no UTF-8 mapping file for font encoding C70
Now handling font encoding C31 ...
... no UTF-8 mapping file for font encoding C31
Now handling font encoding C32 ...
... no UTF-8 mapping file for font encoding C32
Now handling font encoding C33 ...
... no UTF-8 mapping file for font encoding C33
Now handling font encoding C34 ...
... no UTF-8 mapping file for font encoding C34
Now handling font encoding C35 ...
... no UTF-8 mapping file for font encoding C35
Now handling font encoding C36 ...
... no UTF-8 mapping file for font encoding C36
Now handling font encoding C37 ...
... no UTF-8 mapping file for font encoding C37
Now handling font encoding C80 ...
... no UTF-8 mapping file for font encoding C80
Now handling font encoding C81 ...
... no UTF-8 mapping file for font encoding C81
Now handling font encoding C01 ...
... no UTF-8 mapping file for font encoding C01
Now handling font encoding C11 ...
... no UTF-8 mapping file for font encoding C11
Now handling font encoding C21 ...
... no UTF-8 mapping file for font encoding C21
Now handling font encoding C41 ...
... no UTF-8 mapping file for font encoding C41
Now handling font encoding C62 ...
... no UTF-8 mapping file for font encoding C62
)
LaTeX Info: Redefining \selectfont on input line 755.
\CJK@indent=\box64
)
(d:/Program Files/texlive/texlive/2019/texmf-dist/tex/latex/base/fontenc.sty
Package: fontenc 2018/08/11 v2.0j Standard LaTeX package
))
(d:/Program Files/texlive/texlive/2019/texmf-dist/tex/latex/cjkpunct/CJKpunct.s
ty
Package: CJKpunct 2016/05/14 4.8.4
\CJKpunct@cnta=\count197
\CJKpunct@cntb=\count198
\CJKpunct@cntc=\count199
\CJKpunct@cntd=\count266
\CJKpunct@cnte=\count267
   defining Unicode char U+2018 (decimal 8216)
   defining Unicode char U+2019 (decimal 8217)
   defining Unicode char U+201C (decimal 8220)
   defining Unicode char U+201D (decimal 8221)
   defining Unicode char U+2014 (decimal 8212)
   defining Unicode char U+2026 (decimal 8230)

(d:/Program Files/texlive/texlive/2019/texmf-dist/tex/latex/cjkpunct/CJKpunct.s
pa))
(d:/Program Files/texlive/texlive/2019/texmf-dist/tex/latex/cjk/texinput/CJKspa
ce.sty
Package: CJKspace 2015/04/18 3.8.0
)
(d:/Program Files/texlive/texlive/2019/texmf-dist/tex/latex/ctex/ctexspa.def
File: ctexspa.def 2019/04/07 v2.4.15 Space info for CJKpunct (CTEX)
)
(d:/Program Files/texlive/texlive/2019/texmf-dist/tex/latex/cjk/texinput/CJKfnt
ef.sty
Package: CJKfntef 2015/04/18 4.8.4

(d:/Program Files/texlive/texlive/2019/texmf-dist/tex/latex/cjk/texinput/CJKule
m.sty
Package: CJKulem 2015/04/18 4.8.4

(d:/Program Files/texlive/texlive/2019/texmf-dist/tex/generic/ulem/ulem.sty
\UL@box=\box65
\UL@hyphenbox=\box66
\UL@skip=\skip49
\UL@hook=\toks30
\UL@height=\dimen175
\UL@pe=\count268
\UL@pixel=\dimen176
\ULC@box=\box67
Package: ulem 2012/05/18
\ULdepth=\dimen177
)
\UL@lastkern=\dimen178
\CJK@skip=\skip50
)
\CJK@fntefSkip=\skip51
\CJK@nest=\count269
\CJK@fntefDimen=\dimen179
\CJK@underdotBox=\box68
\CJK@ULbox=\box69
\CJK@underanyskip=\dimen180
)
\ccwd=\dimen181
\l__ctex_ccglue_skip=\skip52
)
\l__ctex_ziju_dim=\dimen182

(d:/Program Files/texlive/texlive/2019/texmf-dist/tex/latex/zhnumber/zhnumber.s
ty
Package: zhnumber 2019/04/07 v2.7 Typesetting numbers with Chinese glyphs
\l__zhnum_scale_int=\count270
\l__zhnum_byte_min_int=\count271
\l__zhnum_byte_max_int=\count272

(d:/Program Files/texlive/texlive/2019/texmf-dist/tex/latex/zhnumber/zhnumber-u
tf8.cfg
File: zhnumber-utf8.cfg 2019/04/07 v2.7 Chinese numerals with UTF8 encoding
))
(d:/Program Files/texlive/texlive/2019/texmf-dist/tex/latex/ctex/scheme/ctex-sc
heme-chinese.def
File: ctex-scheme-chinese.def 2019/04/07 v2.4.15 Chinese scheme for generic (CT
EX)

(d:/Program Files/texlive/texlive/2019/texmf-dist/tex/latex/ctex/config/ctex-na
me-utf8.cfg
File: ctex-name-utf8.cfg 2019/04/07 v2.4.15 Caption with encoding UTF8 (CTEX)
))
(d:/Program Files/texlive/texlive/2019/texmf-dist/tex/latex/tools/indentfirst.s
ty
Package: indentfirst 1995/11/23 v1.03 Indent first paragraph (DPC)
)
(d:/Program Files/texlive/texlive/2019/texmf-dist/tex/latex/ctex/fontset/ctex-f
ontset-windows.def
File: ctex-fontset-windows.def 2019/04/07 v2.4.15 Windows fonts definition (CTE
X)

(d:/Program Files/texlive/texlive/2019/texmf-dist/tex/latex/ctex/fontset/ctex-f
ontset-windowsnew.def
File: ctex-fontset-windowsnew.def 2019/04/07 v2.4.15 Windows fonts definition f
or Vista or later version (CTEX)

(d:/Program Files/texlive/texlive/2019/texmf-dist/tex/generic/ctex/zhwindowsfon
ts.tex
File: zhwindowsfonts.tex 2019/04/07 v2.4.15 Windows font map loader for pdfTeX 
and DVIPDFMx (CTEX)
{d:/Program Files/texlive/texlive/2019/texmf-var/fonts/map/pdftex/updmap/pdftex
.map}{UGBK.sfd}{Unicode.sfd}))))
(d:/Program Files/texlive/texlive/2019/texmf-dist/tex/latex/ctex/config/ctex.cf
g
File: ctex.cfg 2019/04/07 v2.4.15 Configuration file (CTEX)
)
(d:/Program Files/texlive/texlive/2019/texmf-dist/tex/latex/caption/caption.sty
Package: caption 2018/10/06 v3.3-154 Customizing captions (AR)

(d:/Program Files/texlive/texlive/2019/texmf-dist/tex/latex/caption/caption3.st
y
Package: caption3 2018/09/12 v1.8c caption3 kernel (AR)
Package caption3 Info: TeX engine: e-TeX on input line 64.
\captionmargin=\dimen183
\captionmargin@=\dimen184
\captionwidth=\dimen185
\caption@tempdima=\dimen186
\caption@indent=\dimen187
\caption@parindent=\dimen188
\caption@hangindent=\dimen189
)
\c@caption@flags=\count273
\c@ContinuedFloat=\count274
)
(d:/Program Files/texlive/texlive/2019/texmf-dist/tex/latex/adjustbox/adjustbox
.sty
Package: adjustbox 2019/01/04 v1.2 Adjusting TeX boxes (trim, clip, ...)

(d:/Program Files/texlive/texlive/2019/texmf-dist/tex/latex/xkeyval/xkeyval.sty
Package: xkeyval 2014/12/03 v2.7a package option processing (HA)

(d:/Program Files/texlive/texlive/2019/texmf-dist/tex/generic/xkeyval/xkeyval.t
ex
(d:/Program Files/texlive/texlive/2019/texmf-dist/tex/generic/xkeyval/xkvutils.
tex
\XKV@toks=\toks31
\XKV@tempa@toks=\toks32
)
\XKV@depth=\count275
File: xkeyval.tex 2014/12/03 v2.7a key=value parser (HA)
))
(d:/Program Files/texlive/texlive/2019/texmf-dist/tex/latex/adjustbox/adjcalc.s
ty
Package: adjcalc 2012/05/16 v1.1 Provides advanced setlength with multiple back
-ends (calc, etex, pgfmath)
)
(d:/Program Files/texlive/texlive/2019/texmf-dist/tex/latex/adjustbox/trimclip.
sty
Package: trimclip 2018/04/08 v1.1 Trim and clip general TeX material

(d:/Program Files/texlive/texlive/2019/texmf-dist/tex/latex/collectbox/collectb
ox.sty
Package: collectbox 2012/05/17 v0.4b Collect macro arguments as boxes
\collectedbox=\box70
)
\tc@llx=\dimen190
\tc@lly=\dimen191
\tc@urx=\dimen192
\tc@ury=\dimen193
Package trimclip Info: Using driver 'tc-pdftex.def'.

(d:/Program Files/texlive/texlive/2019/texmf-dist/tex/latex/adjustbox/tc-pdftex
.def
File: tc-pdftex.def 2019/01/04 v2.2 Clipping driver for pdftex
))
\adjbox@Width=\dimen194
\adjbox@Height=\dimen195
\adjbox@Depth=\dimen196
\adjbox@Totalheight=\dimen197
\adjbox@pwidth=\dimen198
\adjbox@pheight=\dimen199
\adjbox@pdepth=\dimen256
\adjbox@ptotalheight=\dimen257

(d:/Program Files/texlive/texlive/2019/texmf-dist/tex/latex/ifoddpage/ifoddpage
.sty
Package: ifoddpage 2016/04/23 v1.1 Conditionals for odd/even page detection
\c@checkoddpage=\count276
)
(d:/Program Files/texlive/texlive/2019/texmf-dist/tex/latex/varwidth/varwidth.s
ty
Package: varwidth 2009/03/30 ver 0.92;  Variable-width minipages
\@vwid@box=\box71
\sift@deathcycles=\count277
\@vwid@loff=\dimen258
\@vwid@roff=\dimen259
))
(d:/Program Files/texlive/texlive/2019/texmf-dist/tex/latex/float/float.sty
Package: float 2001/11/08 v1.3d Float enhancements (AL)
\c@float@type=\count278
\float@exts=\toks33
\float@box=\box72
\@float@everytoks=\toks34
\@floatcapt=\box73
)
(d:/Program Files/texlive/texlive/2019/texmf-dist/tex/latex/tools/enumerate.sty
Package: enumerate 2015/07/23 v3.00 enumerate extensions (DPC)
\@enLab=\toks35
)
(d:/Program Files/texlive/texlive/2019/texmf-dist/tex/latex/geometry/geometry.s
ty
Package: geometry 2018/04/16 v5.8 Page Geometry

(d:/Program Files/texlive/texlive/2019/texmf-dist/tex/generic/oberdiek/ifvtex.s
ty
Package: ifvtex 2016/05/16 v1.6 Detect VTeX and its facilities (HO)
Package ifvtex Info: VTeX not detected.
)
(d:/Program Files/texlive/texlive/2019/texmf-dist/tex/generic/ifxetex/ifxetex.s
ty
Package: ifxetex 2010/09/12 v0.6 Provides ifxetex conditional
)
\Gm@cnth=\count279
\Gm@cntv=\count280
\c@Gm@tempcnt=\count281
\Gm@bindingoffset=\dimen260
\Gm@wd@mp=\dimen261
\Gm@odd@mp=\dimen262
\Gm@even@mp=\dimen263
\Gm@layoutwidth=\dimen264
\Gm@layoutheight=\dimen265
\Gm@layouthoffset=\dimen266
\Gm@layoutvoffset=\dimen267
\Gm@dimlist=\toks36
)
(d:/Program Files/texlive/texlive/2019/texmf-dist/tex/latex/amsmath/amsmath.sty
Package: amsmath 2018/12/01 v2.17b AMS math features
\@mathmargin=\skip53
For additional information on amsmath, use the `?' option.

(d:/Program Files/texlive/texlive/2019/texmf-dist/tex/latex/amsmath/amstext.sty
Package: amstext 2000/06/29 v2.01 AMS text
(d:/Program Files/texlive/texlive/2019/texmf-dist/tex/latex/amsmath/amsgen.sty
File: amsgen.sty 1999/11/30 v2.0 generic functions
\@emptytoks=\toks37
\ex@=\dimen268
))
(d:/Program Files/texlive/texlive/2019/texmf-dist/tex/latex/amsmath/amsbsy.sty
Package: amsbsy 1999/11/29 v1.2d Bold Symbols
\pmbraise@=\dimen269
) (d:/Program Files/texlive/texlive/2019/texmf-dist/tex/latex/amsmath/amsopn.st
y
Package: amsopn 2016/03/08 v2.02 operator names
)
\inf@bad=\count282
LaTeX Info: Redefining \frac on input line 223.
\uproot@=\count283
\leftroot@=\count284
LaTeX Info: Redefining \overline on input line 385.
\classnum@=\count285
\DOTSCASE@=\count286
LaTeX Info: Redefining \ldots on input line 482.
LaTeX Info: Redefining \dots on input line 485.
LaTeX Info: Redefining \cdots on input line 606.
\Mathstrutbox@=\box74
\strutbox@=\box75
\big@size=\dimen270
LaTeX Font Info:    Redeclaring font encoding OML on input line 729.
LaTeX Font Info:    Redeclaring font encoding OMS on input line 730.
\macc@depth=\count287
\c@MaxMatrixCols=\count288
\dotsspace@=\muskip16
\c@parentequation=\count289
\dspbrk@lvl=\count290
\tag@help=\toks38
\row@=\count291
\column@=\count292
\maxfields@=\count293
\andhelp@=\toks39
\eqnshift@=\dimen271
\alignsep@=\dimen272
\tagshift@=\dimen273
\tagwidth@=\dimen274
\totwidth@=\dimen275
\lineht@=\dimen276
\@envbody=\toks40
\multlinegap=\skip54
\multlinetaggap=\skip55
\mathdisplay@stack=\toks41
LaTeX Info: Redefining \[ on input line 2844.
LaTeX Info: Redefining \] on input line 2845.
)
(d:/Program Files/texlive/texlive/2019/texmf-dist/tex/latex/amsfonts/amssymb.st
y
Package: amssymb 2013/01/14 v3.01 AMS font symbols

(d:/Program Files/texlive/texlive/2019/texmf-dist/tex/latex/amsfonts/amsfonts.s
ty
Package: amsfonts 2013/01/14 v3.01 Basic AMSFonts support
\symAMSa=\mathgroup5
\symAMSb=\mathgroup6
LaTeX Font Info:    Overwriting math alphabet `\mathfrak' in version `bold'
(Font)                  U/euf/m/n --> U/euf/b/n on input line 106.
))
(d:/Program Files/texlive/texlive/2019/texmf-dist/tex/latex/base/textcomp.sty
Package: textcomp 2018/08/11 v2.0j Standard LaTeX package
Package textcomp Info: Sub-encoding information:
(textcomp)               5 = only ISO-Adobe without \textcurrency
(textcomp)               4 = 5 + \texteuro
(textcomp)               3 = 4 + \textohm
(textcomp)               2 = 3 + \textestimated + \textcurrency
(textcomp)               1 = TS1 - \textcircled - \t
(textcomp)               0 = TS1 (full)
(textcomp)             Font families with sub-encoding setting implement
(textcomp)             only a restricted character set as indicated.
(textcomp)             Family '?' is the default used for unknown fonts.
(textcomp)             See the documentation for details.
Package textcomp Info: Setting ? sub-encoding to TS1/1 on input line 79.

(d:/Program Files/texlive/texlive/2019/texmf-dist/tex/latex/base/ts1enc.def
File: ts1enc.def 2001/06/05 v3.0e (jk/car/fm) Standard LaTeX file
LaTeX Font Info:    Redeclaring font encoding TS1 on input line 47.
)
LaTeX Info: Redefining \oldstylenums on input line 334.
Package textcomp Info: Setting cmr sub-encoding to TS1/0 on input line 349.
Package textcomp Info: Setting cmss sub-encoding to TS1/0 on input line 350.
Package textcomp Info: Setting cmtt sub-encoding to TS1/0 on input line 351.
Package textcomp Info: Setting cmvtt sub-encoding to TS1/0 on input line 352.
Package textcomp Info: Setting cmbr sub-encoding to TS1/0 on input line 353.
Package textcomp Info: Setting cmtl sub-encoding to TS1/0 on input line 354.
Package textcomp Info: Setting ccr sub-encoding to TS1/0 on input line 355.
Package textcomp Info: Setting ptm sub-encoding to TS1/4 on input line 356.
Package textcomp Info: Setting pcr sub-encoding to TS1/4 on input line 357.
Package textcomp Info: Setting phv sub-encoding to TS1/4 on input line 358.
Package textcomp Info: Setting ppl sub-encoding to TS1/3 on input line 359.
Package textcomp Info: Setting pag sub-encoding to TS1/4 on input line 360.
Package textcomp Info: Setting pbk sub-encoding to TS1/4 on input line 361.
Package textcomp Info: Setting pnc sub-encoding to TS1/4 on input line 362.
Package textcomp Info: Setting pzc sub-encoding to TS1/4 on input line 363.
Package textcomp Info: Setting bch sub-encoding to TS1/4 on input line 364.
Package textcomp Info: Setting put sub-encoding to TS1/5 on input line 365.
Package textcomp Info: Setting uag sub-encoding to TS1/5 on input line 366.
Package textcomp Info: Setting ugq sub-encoding to TS1/5 on input line 367.
Package textcomp Info: Setting ul8 sub-encoding to TS1/4 on input line 368.
Package textcomp Info: Setting ul9 sub-encoding to TS1/4 on input line 369.
Package textcomp Info: Setting augie sub-encoding to TS1/5 on input line 370.
Package textcomp Info: Setting dayrom sub-encoding to TS1/3 on input line 371.
Package textcomp Info: Setting dayroms sub-encoding to TS1/3 on input line 372.

Package textcomp Info: Setting pxr sub-encoding to TS1/0 on input line 373.
Package textcomp Info: Setting pxss sub-encoding to TS1/0 on input line 374.
Package textcomp Info: Setting pxtt sub-encoding to TS1/0 on input line 375.
Package textcomp Info: Setting txr sub-encoding to TS1/0 on input line 376.
Package textcomp Info: Setting txss sub-encoding to TS1/0 on input line 377.
Package textcomp Info: Setting txtt sub-encoding to TS1/0 on input line 378.
Package textcomp Info: Setting lmr sub-encoding to TS1/0 on input line 379.
Package textcomp Info: Setting lmdh sub-encoding to TS1/0 on input line 380.
Package textcomp Info: Setting lmss sub-encoding to TS1/0 on input line 381.
Package textcomp Info: Setting lmssq sub-encoding to TS1/0 on input line 382.
Package textcomp Info: Setting lmvtt sub-encoding to TS1/0 on input line 383.
Package textcomp Info: Setting lmtt sub-encoding to TS1/0 on input line 384.
Package textcomp Info: Setting qhv sub-encoding to TS1/0 on input line 385.
Package textcomp Info: Setting qag sub-encoding to TS1/0 on input line 386.
Package textcomp Info: Setting qbk sub-encoding to TS1/0 on input line 387.
Package textcomp Info: Setting qcr sub-encoding to TS1/0 on input line 388.
Package textcomp Info: Setting qcs sub-encoding to TS1/0 on input line 389.
Package textcomp Info: Setting qpl sub-encoding to TS1/0 on input line 390.
Package textcomp Info: Setting qtm sub-encoding to TS1/0 on input line 391.
Package textcomp Info: Setting qzc sub-encoding to TS1/0 on input line 392.
Package textcomp Info: Setting qhvc sub-encoding to TS1/0 on input line 393.
Package textcomp Info: Setting futs sub-encoding to TS1/4 on input line 394.
Package textcomp Info: Setting futx sub-encoding to TS1/4 on input line 395.
Package textcomp Info: Setting futj sub-encoding to TS1/4 on input line 396.
Package textcomp Info: Setting hlh sub-encoding to TS1/3 on input line 397.
Package textcomp Info: Setting hls sub-encoding to TS1/3 on input line 398.
Package textcomp Info: Setting hlst sub-encoding to TS1/3 on input line 399.
Package textcomp Info: Setting hlct sub-encoding to TS1/5 on input line 400.
Package textcomp Info: Setting hlx sub-encoding to TS1/5 on input line 401.
Package textcomp Info: Setting hlce sub-encoding to TS1/5 on input line 402.
Package textcomp Info: Setting hlcn sub-encoding to TS1/5 on input line 403.
Package textcomp Info: Setting hlcw sub-encoding to TS1/5 on input line 404.
Package textcomp Info: Setting hlcf sub-encoding to TS1/5 on input line 405.
Package textcomp Info: Setting pplx sub-encoding to TS1/3 on input line 406.
Package textcomp Info: Setting pplj sub-encoding to TS1/3 on input line 407.
Package textcomp Info: Setting ptmx sub-encoding to TS1/4 on input line 408.
Package textcomp Info: Setting ptmj sub-encoding to TS1/4 on input line 409.
)
(d:/Program Files/texlive/texlive/2019/texmf-dist/tex/latex/upquote/upquote.sty
Package: upquote 2012/04/19 v1.3 upright-quote and grave-accent glyphs in verba
tim
)
(d:/Program Files/texlive/texlive/2019/texmf-dist/tex/latex/eurosym/eurosym.sty
Package: eurosym 1998/08/06 v1.1 European currency symbol ``Euro''
\@eurobox=\box76
) (d:/Program Files/texlive/texlive/2019/texmf-dist/tex/latex/ucs/ucs.sty
Package: ucs 2013/05/11 v2.2 UCS: Unicode input support

(d:/Program Files/texlive/texlive/2019/texmf-dist/tex/latex/ucs/data/uni-global
.def
File: uni-global.def 2013/05/13 UCS: Unicode global data
)
\uc@secondtry=\count294
\uc@combtoks=\toks42
\uc@combtoksb=\toks43
\uc@temptokena=\toks44
)
(d:/Program Files/texlive/texlive/2019/texmf-dist/tex/latex/fancyvrb/fancyvrb.s
ty
Package: fancyvrb 2019/01/15
 Style option: `fancyvrb' v3.2a <2019/01/15> (tvz)
\FV@CodeLineNo=\count295
\FV@InFile=\read4
\FV@TabBox=\box77
\c@FancyVerbLine=\count296
\FV@StepNumber=\count297
\FV@OutFile=\write6
)
(d:/Program Files/texlive/texlive/2019/texmf-dist/tex/latex/oberdiek/grffile.st
y
Package: grffile 2017/06/30 v1.18 Extended file name support for graphics (HO)

(d:/Program Files/texlive/texlive/2019/texmf-dist/tex/generic/oberdiek/pdftexcm
ds.sty
Package: pdftexcmds 2018/09/10 v0.29 Utility functions of pdfTeX for LuaTeX (HO
)
Package pdftexcmds Info: LuaTeX not detected.
Package pdftexcmds Info: \pdf@primitive is available.
Package pdftexcmds Info: \pdf@ifprimitive is available.
Package pdftexcmds Info: \pdfdraftmode found.
)
Package grffile Info: Option `multidot' is set to `true'.
Package grffile Info: Option `extendedchars' is set to `false'.
Package grffile Info: Option `space' is set to `true'.
Package grffile Info: \Gin@ii of package `graphicx' fixed on input line 494.
)
(d:/Program Files/texlive/texlive/2019/texmf-dist/tex/latex/hyperref/hyperref.s
ty
Package: hyperref 2018/11/30 v6.88e Hypertext links for LaTeX

(d:/Program Files/texlive/texlive/2019/texmf-dist/tex/generic/oberdiek/hobsub-h
yperref.sty
Package: hobsub-hyperref 2016/05/16 v1.14 Bundle oberdiek, subset hyperref (HO)


(d:/Program Files/texlive/texlive/2019/texmf-dist/tex/generic/oberdiek/hobsub-g
eneric.sty
Package: hobsub-generic 2016/05/16 v1.14 Bundle oberdiek, subset generic (HO)
Package: hobsub 2016/05/16 v1.14 Construct package bundles (HO)
Package hobsub Info: Skipping package `infwarerr' (already loaded).
Package hobsub Info: Skipping package `ltxcmds' (already loaded).
Package hobsub Info: Skipping package `ifluatex' (already loaded).
Package hobsub Info: Skipping package `ifvtex' (already loaded).
Package: intcalc 2016/05/16 v1.2 Expandable calculations with integers (HO)
Package hobsub Info: Skipping package `ifpdf' (already loaded).
Package hobsub Info: Skipping package `etexcmds' (already loaded).
Package hobsub Info: Skipping package `kvsetkeys' (already loaded).
Package: kvdefinekeys 2016/05/16 v1.4 Define keys (HO)
Package hobsub Info: Skipping package `pdftexcmds' (already loaded).
Package: pdfescape 2016/05/16 v1.14 Implements pdfTeX's escape features (HO)
Package: bigintcalc 2016/05/16 v1.4 Expandable calculations on big integers (HO
)
Package: bitset 2016/05/16 v1.2 Handle bit-vector datatype (HO)
Package: uniquecounter 2016/05/16 v1.3 Provide unlimited unique counter (HO)
)
Package hobsub Info: Skipping package `hobsub' (already loaded).
Package: letltxmacro 2016/05/16 v1.5 Let assignment for LaTeX macros (HO)
Package: hopatch 2016/05/16 v1.3 Wrapper for package hooks (HO)
Package: xcolor-patch 2016/05/16 xcolor patch
Package: atveryend 2016/05/16 v1.9 Hooks at the very end of document (HO)
Package: atbegshi 2016/06/09 v1.18 At begin shipout hook (HO)
Package: refcount 2016/05/16 v3.5 Data extraction from label references (HO)
Package: hycolor 2016/05/16 v1.8 Color options for hyperref/bookmark (HO)
)
(d:/Program Files/texlive/texlive/2019/texmf-dist/tex/latex/oberdiek/auxhook.st
y
Package: auxhook 2016/05/16 v1.4 Hooks for auxiliary files (HO)
)
\@linkdim=\dimen277
\Hy@linkcounter=\count298
\Hy@pagecounter=\count299

(d:/Program Files/texlive/texlive/2019/texmf-dist/tex/latex/hyperref/pd1enc.def
File: pd1enc.def 2018/11/30 v6.88e Hyperref: PDFDocEncoding definition (HO)
Now handling font encoding PD1 ...
... no UTF-8 mapping file for font encoding PD1
)
\Hy@SavedSpaceFactor=\count300

(d:/Program Files/texlive/texlive/2019/texmf-dist/tex/latex/latexconfig/hyperre
f.cfg
File: hyperref.cfg 2002/06/06 v1.2 hyperref configuration of TeXLive
)
Package hyperref Info: Option `unicode' set `true' on input line 4393.

(d:/Program Files/texlive/texlive/2019/texmf-dist/tex/latex/hyperref/puenc.def
File: puenc.def 2018/11/30 v6.88e Hyperref: PDF Unicode definition (HO)
Now handling font encoding PU ...
... no UTF-8 mapping file for font encoding PU
)
Package hyperref Info: Hyper figures OFF on input line 4519.
Package hyperref Info: Link nesting OFF on input line 4524.
Package hyperref Info: Hyper index ON on input line 4527.
Package hyperref Info: Plain pages OFF on input line 4534.
Package hyperref Info: Backreferencing OFF on input line 4539.
Package hyperref Info: Implicit mode ON; LaTeX internals redefined.
Package hyperref Info: Bookmarks ON on input line 4772.
\c@Hy@tempcnt=\count301
(d:/Program Files/texlive/texlive/2019/texmf-dist/tex/latex/url/url.sty
\Urlmuskip=\muskip17
Package: url 2013/09/16  ver 3.4  Verb mode for urls, etc.
)
LaTeX Info: Redefining \url on input line 5125.
\XeTeXLinkMargin=\dimen278
\Fld@menulength=\count302
\Field@Width=\dimen279
\Fld@charsize=\dimen280
Package hyperref Info: Hyper figures OFF on input line 6380.
Package hyperref Info: Link nesting OFF on input line 6385.
Package hyperref Info: Hyper index ON on input line 6388.
Package hyperref Info: backreferencing OFF on input line 6395.
Package hyperref Info: Link coloring OFF on input line 6400.
Package hyperref Info: Link coloring with OCG OFF on input line 6405.
Package hyperref Info: PDF/A mode OFF on input line 6410.
LaTeX Info: Redefining \ref on input line 6450.
LaTeX Info: Redefining \pageref on input line 6454.
\Hy@abspage=\count303
\c@Item=\count304
\c@Hfootnote=\count305
)
Package hyperref Info: Driver (autodetected): hpdftex.

(d:/Program Files/texlive/texlive/2019/texmf-dist/tex/latex/hyperref/hpdftex.de
f
File: hpdftex.def 2018/11/30 v6.88e Hyperref driver for pdfTeX
\Fld@listcount=\count306
\c@bookmark@seq@number=\count307

(d:/Program Files/texlive/texlive/2019/texmf-dist/tex/latex/oberdiek/rerunfilec
heck.sty
Package: rerunfilecheck 2016/05/16 v1.8 Rerun checks for auxiliary files (HO)
Package uniquecounter Info: New unique counter `rerunfilecheck' on input line 2
82.
)
\Hy@SectionHShift=\skip56
)
(d:/Program Files/texlive/texlive/2019/texmf-dist/tex/latex/titling/titling.sty
Package: titling 2009/09/04 v2.1d maketitle typesetting
\thanksmarkwidth=\skip57
\thanksmargin=\skip58
\droptitle=\skip59
)
(d:/Program Files/texlive/texlive/2019/texmf-dist/tex/latex/tools/longtable.sty
Package: longtable 2014/10/28 v4.11 Multi-page Table package (DPC)+ FMi change
\LTleft=\skip60
\LTright=\skip61
\LTpre=\skip62
\LTpost=\skip63
\LTchunksize=\count308
\LTcapwidth=\dimen281
\LT@head=\box78
\LT@firsthead=\box79
\LT@foot=\box80
\LT@lastfoot=\box81
\LT@cols=\count309
\LT@rows=\count310
\c@LT@tables=\count311
\c@LT@chunks=\count312
\LT@p@ftn=\toks45
)
(d:/Program Files/texlive/texlive/2019/texmf-dist/tex/latex/booktabs/booktabs.s
ty
Package: booktabs 2016/04/27 v1.618033 publication quality tables
\heavyrulewidth=\dimen282
\lightrulewidth=\dimen283
\cmidrulewidth=\dimen284
\belowrulesep=\dimen285
\belowbottomsep=\dimen286
\aboverulesep=\dimen287
\abovetopsep=\dimen288
\cmidrulesep=\dimen289
\cmidrulekern=\dimen290
\defaultaddspace=\dimen291
\@cmidla=\count313
\@cmidlb=\count314
\@aboverulesep=\dimen292
\@belowrulesep=\dimen293
\@thisruleclass=\count315
\@lastruleclass=\count316
\@thisrulewidth=\dimen294
)
(d:/Program Files/texlive/texlive/2019/texmf-dist/tex/latex/enumitem/enumitem.s
ty
Package: enumitem 2019/02/04 v3.8 Customized lists
\labelindent=\skip64
\enit@outerparindent=\dimen295
\enit@toks=\toks46
\enit@inbox=\box82
\enit@count@id=\count317
\enitdp@description=\count318
)
(d:/Program Files/texlive/texlive/2019/texmf-dist/tex/latex/jknapltx/mathrsfs.s
ty
Package: mathrsfs 1996/01/01 Math RSFS package v1.0 (jk)
\symrsfs=\mathgroup7
)
\Wrappedcontinuationbox=\box83
\Wrappedvisiblespacebox=\box84
Package hyperref Info: Option `breaklinks' set `true' on input line 359.
Package hyperref Info: Option `colorlinks' set `true' on input line 359.

(d:/Program Files/texlive/texlive/2019/texmf-dist/tex/latex/cjk/texinput/UTF8/U
TF8.bdg
File: UTF8.bdg 2015/04/18 4.8.4
)
(d:/Program Files/texlive/texlive/2019/texmf-dist/tex/latex/cjk/texinput/UTF8/U
TF8.enc
File: UTF8.enc 2015/04/18 4.8.4
)
(d:/Program Files/texlive/texlive/2019/texmf-dist/tex/latex/cjk/texinput/UTF8/U
TF8.chr
File: UTF8.chr 2015/04/18 4.8.4
) (./Untitled.aux

LaTeX Warning: Label `ux95eeux9898ux4e00-ux73afux5883ux5b89ux88c5' multiply def
ined.

)
\openout1 = `Untitled.aux'.

LaTeX Font Info:    Checking defaults for OML/cmm/m/it on input line 366.
LaTeX Font Info:    ... okay on input line 366.
LaTeX Font Info:    Checking defaults for T1/cmr/m/n on input line 366.
LaTeX Font Info:    ... okay on input line 366.
LaTeX Font Info:    Checking defaults for OT1/cmr/m/n on input line 366.
LaTeX Font Info:    ... okay on input line 366.
LaTeX Font Info:    Checking defaults for OMS/cmsy/m/n on input line 366.
LaTeX Font Info:    ... okay on input line 366.
LaTeX Font Info:    Checking defaults for OMX/cmex/m/n on input line 366.
LaTeX Font Info:    ... okay on input line 366.
LaTeX Font Info:    Checking defaults for U/cmr/m/n on input line 366.
LaTeX Font Info:    ... okay on input line 366.
LaTeX Font Info:    Checking defaults for TS1/cmr/m/n on input line 366.
LaTeX Font Info:    ... okay on input line 366.
LaTeX Font Info:    Checking defaults for C00/song/m/n on input line 366.
LaTeX Font Info:    ... okay on input line 366.
LaTeX Font Info:    Checking defaults for C05/song/m/n on input line 366.
LaTeX Font Info:    ... okay on input line 366.
LaTeX Font Info:    Checking defaults for C09/song/m/n on input line 366.
LaTeX Font Info:    ... okay on input line 366.
LaTeX Font Info:    Checking defaults for C10/song/m/n on input line 366.
LaTeX Font Info:    ... okay on input line 366.
LaTeX Font Info:    Checking defaults for C20/song/m/n on input line 366.
LaTeX Font Info:    ... okay on input line 366.
LaTeX Font Info:    Checking defaults for C19/song/m/n on input line 366.
LaTeX Font Info:    ... okay on input line 366.
LaTeX Font Info:    Checking defaults for C40/song/m/n on input line 366.
LaTeX Font Info:    ... okay on input line 366.
LaTeX Font Info:    Checking defaults for C42/song/m/n on input line 366.
LaTeX Font Info:    ... okay on input line 366.
LaTeX Font Info:    Checking defaults for C43/song/m/n on input line 366.
LaTeX Font Info:    ... okay on input line 366.
LaTeX Font Info:    Checking defaults for C50/song/m/n on input line 366.
LaTeX Font Info:    ... okay on input line 366.
LaTeX Font Info:    Checking defaults for C52/song/m/n on input line 366.
LaTeX Font Info:    ... okay on input line 366.
LaTeX Font Info:    Checking defaults for C49/song/m/n on input line 366.
LaTeX Font Info:    ... okay on input line 366.
LaTeX Font Info:    Checking defaults for C60/mj/m/n on input line 366.
LaTeX Font Info:    ... okay on input line 366.
LaTeX Font Info:    Checking defaults for C61/mj/m/n on input line 366.
LaTeX Font Info:    ... okay on input line 366.
LaTeX Font Info:    Checking defaults for C63/mj/m/n on input line 366.
LaTeX Font Info:    ... okay on input line 366.
LaTeX Font Info:    Checking defaults for C64/mj/m/n on input line 366.
LaTeX Font Info:    ... okay on input line 366.
LaTeX Font Info:    Checking defaults for C65/mj/m/n on input line 366.
LaTeX Font Info:    ... okay on input line 366.
LaTeX Font Info:    Checking defaults for C70/song/m/n on input line 366.
LaTeX Font Info:    ... okay on input line 366.
LaTeX Font Info:    Checking defaults for C31/song/m/n on input line 366.
LaTeX Font Info:    ... okay on input line 366.
LaTeX Font Info:    Checking defaults for C32/song/m/n on input line 366.
LaTeX Font Info:    ... okay on input line 366.
LaTeX Font Info:    Checking defaults for C33/song/m/n on input line 366.
LaTeX Font Info:    ... okay on input line 366.
LaTeX Font Info:    Checking defaults for C34/song/m/n on input line 366.
LaTeX Font Info:    ... okay on input line 366.
LaTeX Font Info:    Checking defaults for C35/song/m/n on input line 366.
LaTeX Font Info:    ... okay on input line 366.
LaTeX Font Info:    Checking defaults for C36/song/m/n on input line 366.
LaTeX Font Info:    ... okay on input line 366.
LaTeX Font Info:    Checking defaults for C37/song/m/n on input line 366.
LaTeX Font Info:    ... okay on input line 366.
LaTeX Font Info:    Checking defaults for C80/song/m/n on input line 366.
LaTeX Font Info:    ... okay on input line 366.
LaTeX Font Info:    Checking defaults for C81/song/m/n on input line 366.
LaTeX Font Info:    ... okay on input line 366.
LaTeX Font Info:    Checking defaults for C01/song/m/n on input line 366.
LaTeX Font Info:    ... okay on input line 366.
LaTeX Font Info:    Checking defaults for C11/song/m/n on input line 366.
LaTeX Font Info:    ... okay on input line 366.
LaTeX Font Info:    Checking defaults for C21/song/m/n on input line 366.
LaTeX Font Info:    ... okay on input line 366.
LaTeX Font Info:    Checking defaults for C41/song/m/n on input line 366.
LaTeX Font Info:    ... okay on input line 366.
LaTeX Font Info:    Checking defaults for C62/song/m/n on input line 366.
LaTeX Font Info:    ... okay on input line 366.
LaTeX Font Info:    Checking defaults for PD1/pdf/m/n on input line 366.
LaTeX Font Info:    ... okay on input line 366.
LaTeX Font Info:    Checking defaults for PU/pdf/m/n on input line 366.
LaTeX Font Info:    ... okay on input line 366.
LaTeX Font Info:    Try loading font information for T1+ppl on input line 366.
 (d:/Program Files/texlive/texlive/2019/texmf-dist/tex/latex/psnfss/t1ppl.fd
File: t1ppl.fd 2001/06/04 font definitions for T1/ppl.
)
ABD: EveryShipout initializing macros
(d:/Program Files/texlive/texlive/2019/texmf-dist/tex/context/base/mkii/supp-pd
f.mkii
[Loading MPS to PDF converter (version 2006.09.02).]
\scratchcounter=\count319
\scratchdimen=\dimen296
\scratchbox=\box85
\nofMPsegments=\count320
\nofMParguments=\count321
\everyMPshowfont=\toks47
\MPscratchCnt=\count322
\MPscratchDim=\dimen297
\MPnumerator=\count323
\makeMPintoPDFobject=\count324
\everyMPtoPDFconversion=\toks48
)
(d:/Program Files/texlive/texlive/2019/texmf-dist/tex/latex/oberdiek/epstopdf-b
ase.sty
Package: epstopdf-base 2016/05/15 v2.6 Base part for package epstopdf

(d:/Program Files/texlive/texlive/2019/texmf-dist/tex/latex/oberdiek/grfext.sty
Package: grfext 2016/05/16 v1.2 Manage graphics extensions (HO)
)
Package epstopdf-base Info: Redefining graphics rule for `.eps' on input line 4
38.
Package grfext Info: Graphics extension search list:
(grfext)             [.pdf,.png,.jpg,.mps,.jpeg,.jbig2,.jb2,.PDF,.PNG,.JPG,.JPE
G,.JBIG2,.JB2,.eps]
(grfext)             \AppendGraphicsExtensions on input line 456.

(d:/Program Files/texlive/texlive/2019/texmf-dist/tex/latex/latexconfig/epstopd
f-sys.cfg
File: epstopdf-sys.cfg 2010/07/13 v1.3 Configuration of (r)epstopdf for TeX Liv
e
)) ABD: EverySelectfont initializing macros
LaTeX Info: Redefining \selectfont on input line 366.
Package caption Info: Begin \AtBeginDocument code.
Package caption Info: float package is loaded.
Package caption Info: hyperref package is loaded.
Package caption Info: longtable package is loaded.

(d:/Program Files/texlive/texlive/2019/texmf-dist/tex/latex/caption/ltcaption.s
ty
Package: ltcaption 2018/08/26 v1.4-95 longtable captions (AR)
)
Package caption Info: End \AtBeginDocument code.

*geometry* driver: auto-detecting
*geometry* detected driver: pdftex
*geometry* verbose mode - [ preamble ] result:
* driver: pdftex
* paper: <default>
* layout: <same size as paper>
* layoutoffset:(h,v)=(0.0pt,0.0pt)
* modes: 
* h-part:(L,W,R)=(72.26999pt, 469.75502pt, 72.26999pt)
* v-part:(T,H,B)=(72.26999pt, 650.43001pt, 72.26999pt)
* \paperwidth=614.295pt
* \paperheight=794.96999pt
* \textwidth=469.75502pt
* \textheight=650.43001pt
* \oddsidemargin=0.0pt
* \evensidemargin=0.0pt
* \topmargin=-37.0pt
* \headheight=12.0pt
* \headsep=25.0pt
* \topskip=11.0pt
* \footskip=30.0pt
* \marginparwidth=59.0pt
* \marginparsep=10.0pt
* \columnsep=10.0pt
* \skip\footins=10.0pt plus 4.0pt minus 2.0pt
* \hoffset=0.0pt
* \voffset=0.0pt
* \mag=1000
* \@twocolumnfalse
* \@twosidefalse
* \@mparswitchfalse
* \@reversemarginfalse
* (1in=72.27pt=25.4mm, 1cm=28.453pt)

(d:/Program Files/texlive/texlive/2019/texmf-dist/tex/latex/ucs/ucsencs.def
File: ucsencs.def 2011/01/21 Fixes to fontencodings LGR, T3
)
\AtBeginShipoutBox=\box86
Package hyperref Info: Link coloring ON on input line 366.

(d:/Program Files/texlive/texlive/2019/texmf-dist/tex/latex/hyperref/nameref.st
y
Package: nameref 2016/05/21 v2.44 Cross-referencing by name of section

(d:/Program Files/texlive/texlive/2019/texmf-dist/tex/generic/oberdiek/gettitle
string.sty
Package: gettitlestring 2016/05/16 v1.5 Cleanup title references (HO)
)
\c@section@level=\count325
)
LaTeX Info: Redefining \ref on input line 366.
LaTeX Info: Redefining \pageref on input line 366.
LaTeX Info: Redefining \nameref on input line 366.
 (./Untitled.out) (./Untitled.out)
\@outlinefile=\write7
\openout7 = `Untitled.out'.

LaTeX Font Info:    Font shape `T1/ppl/bx/n' in size <14.4> not available
(Font)              Font shape `T1/ppl/b/n' tried instead on input line 374.
LaTeX Font Info:    Try loading font information for C70+rm on input line 374.

(d:/Program Files/texlive/texlive/2019/texmf-dist/tex/latex/ctex/fd/c70rm.fd
File: c70rm.fd 2019/04/07 v2.4.15 Chinese font definition (CTEX)
)
Package CJKpunct Info: use punctuation spaces for family 'rm' with punctstyle (
quanjiao) on input line 374.
LaTeX Font Info:    Font shape `T1/ppl/bx/n' in size <12> not available
(Font)              Font shape `T1/ppl/b/n' tried instead on input line 378.
LaTeX Font Info:    Font shape `T1/ppl/bx/n' in size <10.95> not available
(Font)              Font shape `T1/ppl/b/n' tried instead on input line 382.
LaTeX Font Info:    Try loading font information for OT1+ppl on input line 386.


(d:/Program Files/texlive/texlive/2019/texmf-dist/tex/latex/psnfss/ot1ppl.fd
File: ot1ppl.fd 2001/06/04 font definitions for OT1/ppl.
)
LaTeX Font Info:    Try loading font information for OML+zplm on input line 386
.

(d:/Program Files/texlive/texlive/2019/texmf-dist/tex/latex/psnfss/omlzplm.fd
File: omlzplm.fd 2002/09/08 Fontinst v1.914 font definitions for OML/zplm.
)
LaTeX Font Info:    Try loading font information for OMS+zplm on input line 386
.

(d:/Program Files/texlive/texlive/2019/texmf-dist/tex/latex/psnfss/omszplm.fd
File: omszplm.fd 2002/09/08 Fontinst v1.914 font definitions for OMS/zplm.
)
LaTeX Font Info:    Try loading font information for OMX+zplm on input line 386
.

(d:/Program Files/texlive/texlive/2019/texmf-dist/tex/latex/psnfss/omxzplm.fd
File: omxzplm.fd 2002/09/08 Fontinst v1.914 font definitions for OMX/zplm.
)
LaTeX Font Info:    Try loading font information for OT1+zplm on input line 386
.

(d:/Program Files/texlive/texlive/2019/texmf-dist/tex/latex/psnfss/ot1zplm.fd
File: ot1zplm.fd 2002/09/08 Fontinst v1.914 font definitions for OT1/zplm.
)
LaTeX Font Info:    Font shape `U/msa/m/n' will be
(Font)              scaled to size 6.25204pt on input line 386.
LaTeX Font Info:    Font shape `U/msa/m/n' will be
(Font)              scaled to size 5.21004pt on input line 386.
LaTeX Font Info:    Font shape `U/msb/m/n' will be
(Font)              scaled to size 6.25204pt on input line 386.
LaTeX Font Info:    Font shape `U/msb/m/n' will be
(Font)              scaled to size 5.21004pt on input line 386.
LaTeX Font Info:    Try loading font information for U+rsfs on input line 386.

(d:/Program Files/texlive/texlive/2019/texmf-dist/tex/latex/jknapltx/ursfs.fd
File: ursfs.fd 1998/03/24 rsfs font definition file (jk)
)

LaTeX Font Warning: Font shape `T1/cmtt/bx/n' in size <10.95> not available
(Font)              Font shape `T1/cmtt/m/n' tried instead on input line 387.

LaTeX Font Info:    Try loading font information for C70+zhfs on input line 409
.

(d:/Program Files/texlive/texlive/2019/texmf-dist/tex/latex/zhmetrics/c70zhfs.f
d
File: c70zhfs.fd 2009/09/23 4.8.2
)
Package CJKpunct Info: use punctuation spaces for family 'zhfs' with punctstyle
 (quanjiao) on input line 437.

(d:/Program Files/texlive/texlive/2019/texmf-dist/tex/generic/ctex/zhwindowsfon
ts.tex
File: zhwindowsfonts.tex 2019/04/07 v2.4.15 Windows font map loader for pdfTeX 
and DVIPDFMx (CTEX)
) [1

] [2] [3] [4]pdfTeX warning (ext4): destination with the same identifier (name{
ux95eeux9898ux4e00-ux73afux5883ux5b89ux88c5}) has been already used, duplicate 
ignored
<to be read again> 
                   \relax 
l.665 ...eeux9898ux4e00-ux73afux5883ux5b89ux88c5}}
                                                  
LaTeX Font Info:    Font shape `U/msa/m/n' will be
(Font)              scaled to size 11.40997pt on input line 690.
LaTeX Font Info:    Font shape `U/msa/m/n' will be
(Font)              scaled to size 8.33606pt on input line 690.
LaTeX Font Info:    Font shape `U/msb/m/n' will be
(Font)              scaled to size 11.40997pt on input line 690.
LaTeX Font Info:    Font shape `U/msb/m/n' will be
(Font)              scaled to size 8.33606pt on input line 690.
 [5]
<output_44_0.png, id=510, 429.605pt x 302.12875pt>
File: output_44_0.png Graphic file (type png)
<use output_44_0.png>
Package pdftex.def Info: output_44_0.png  used on input line 718.
(pdftex.def)             Requested size: 429.60394pt x 302.128pt.

Underfull \hbox (badness 10000) in paragraph at lines 720--721

 []

[6 <./output_44_0.png>]
<output_46_0.png, id=522, 435.6275pt x 302.12875pt>
File: output_46_0.png Graphic file (type png)
<use output_46_0.png>
Package pdftex.def Info: output_46_0.png  used on input line 755.
(pdftex.def)             Requested size: 435.62643pt x 302.128pt.

Underfull \hbox (badness 10000) in paragraph at lines 757--758

 []

[7 <./output_46_0.png>]
<output_48_0.png, id=532, 429.605pt x 302.12875pt>
File: output_48_0.png Graphic file (type png)
<use output_48_0.png>
Package pdftex.def Info: output_48_0.png  used on input line 791.
(pdftex.def)             Requested size: 429.60394pt x 302.128pt.

Underfull \hbox (badness 10000) in paragraph at lines 793--794

 []

[8 <./output_48_0.png>]
<output_50_0.png, id=541, 441.65pt x 302.12875pt>
File: output_50_0.png Graphic file (type png)
<use output_50_0.png>
Package pdftex.def Info: output_50_0.png  used on input line 826.
(pdftex.def)             Requested size: 441.64891pt x 302.128pt.

Underfull \hbox (badness 10000) in paragraph at lines 828--829

 []

[9 <./output_50_0.png>]
<output_52_0.png, id=552, 435.6275pt x 302.12875pt>
File: output_52_0.png Graphic file (type png)
<use output_52_0.png>
Package pdftex.def Info: output_52_0.png  used on input line 864.
(pdftex.def)             Requested size: 435.62643pt x 302.128pt.
 [10]
Underfull \hbox (badness 10000) in paragraph at lines 866--867

 []

[11 <./output_52_0.png>]
<output_54_0.png, id=573, 435.6275pt x 302.12875pt>
File: output_54_0.png Graphic file (type png)
<use output_54_0.png>
Package pdftex.def Info: output_54_0.png  used on input line 900.
(pdftex.def)             Requested size: 435.62643pt x 302.128pt.

Underfull \hbox (badness 10000) in paragraph at lines 902--903

 []

[12 <./output_54_0.png>]
<output_56_0.png, id=585, 429.605pt x 281.05pt>
File: output_56_0.png Graphic file (type png)
<use output_56_0.png>
Package pdftex.def Info: output_56_0.png  used on input line 940.
(pdftex.def)             Requested size: 429.60394pt x 281.0493pt.

Underfull \hbox (badness 10000) in paragraph at lines 942--943

 []

[13 <./output_56_0.png>] [14]
Underfull \hbox (badness 10000) in paragraph at lines 1057--1058
[]$[] [] \OT1/zplm/m/n/10.95 + \OT1/ppl/m/n/10.95 2 [] [] \OT1/zplm/m/n/10.95 +

 []


Underfull \hbox (badness 10000) in paragraph at lines 1057--1058
\OT1/ppl/m/n/10.95 2 [] [] \OT1/zplm/m/n/10.95 + \OT1/ppl/m/n/10.95 2 [] [] \OT
1/zplm/m/n/10.95 +
 []


Overfull \hbox (19.9817pt too wide) in paragraph at lines 1090--1091
[]$\OT1/ppl/m/n/10.95 1.4142135623731\OML/zplm/m/it/10.95 ^^Y[]s [] e[] \OT1/zp
lm/m/n/10.95 +
 []


Overfull \hbox (25.4567pt too wide) in paragraph at lines 1090--1091
\OT1/ppl/m/n/10.95 2.82842712474619\OML/zplm/m/it/10.95 ^^Y[]s [] e[] \OT1/zplm
/m/n/10.95 +
 []


Overfull \hbox (25.4567pt too wide) in paragraph at lines 1090--1091
\OT1/ppl/m/n/10.95 2.82842712474619\OML/zplm/m/it/10.95 ^^Y[]s [] e[] \OT1/zplm
/m/n/10.95 +
 []


Overfull \hbox (25.4567pt too wide) in paragraph at lines 1090--1091
\OT1/ppl/m/n/10.95 2.82842712474619\OML/zplm/m/it/10.95 ^^Y[]s [] e[] \OT1/zplm
/m/n/10.95 +
 []


Overfull \hbox (25.4567pt too wide) in paragraph at lines 1090--1091
\OT1/ppl/m/n/10.95 2.82842712474619\OML/zplm/m/it/10.95 ^^Y[]s [] e[] \OT1/zplm
/m/n/10.95 +
 []


Overfull \hbox (9.31778pt too wide) in paragraph at lines 1090--1091
\OT1/ppl/m/n/10.95 1.4142135623731\OML/zplm/m/it/10.95 ^^Y[]s [] e[]$ 
 []

[15]
Overfull \hbox (66.99931pt too wide) in paragraph at lines 1168--1168
[]|\T1/cmtt/m/n/10.95 csv_data[]=[][]\TS1/cmtt/m/n/10.95 '[][]\T1/cmtt/m/n/10.9
5 square_feet,price[][]\n[][]150,6450[][]\n[][]200,7450[][]\n[][]250,8450[][]\n
[][]300,9450[][]\n[][]350,11450[][]\n[][]600,18450[][]\n[][]\TS1/cmtt/m/n/10.95
 '[]|  
 []

[16] [17]
<output_90_0.png, id=653, 425.59pt x 261.97874pt>
File: output_90_0.png Graphic file (type png)
<use output_90_0.png>
Package pdftex.def Info: output_90_0.png  used on input line 1335.
(pdftex.def)             Requested size: 425.58894pt x 261.9781pt.
 [18]
Underfull \hbox (badness 10000) in paragraph at lines 1337--1338

 []

[19 <./output_90_0.png>]
<output_100_0.png, id=702, 413.545pt x 261.97874pt>
File: output_100_0.png Graphic file (type png)
<use output_100_0.png>
Package pdftex.def Info: output_100_0.png  used on input line 1389.
(pdftex.def)             Requested size: 413.54398pt x 261.9781pt.

Underfull \hbox (badness 10000) in paragraph at lines 1391--1392

 []

[20 <./output_100_0.png>]
<output_105_0.png, id=713, 413.545pt x 261.97874pt>
File: output_105_0.png Graphic file (type png)
<use output_105_0.png>
Package pdftex.def Info: output_105_0.png  used on input line 1426.
(pdftex.def)             Requested size: 413.54398pt x 261.9781pt.

Underfull \hbox (badness 10000) in paragraph at lines 1428--1429

 []

[21 <./output_105_0.png>] [22]
<output_117_0.png, id=740, 461.725pt x 288.07625pt>
File: output_117_0.png Graphic file (type png)
<use output_117_0.png>
Package pdftex.def Info: output_117_0.png  used on input line 1558.
(pdftex.def)             Requested size: 461.72388pt x 288.07553pt.
 [23]
Underfull \hbox (badness 10000) in paragraph at lines 1560--1561

 []

[24 <./output_117_0.png>]
<output_120_0.png, id=752, 461.725pt x 288.07625pt>
File: output_120_0.png Graphic file (type png)
<use output_120_0.png>
Package pdftex.def Info: output_120_0.png  used on input line 1610.
(pdftex.def)             Requested size: 461.72388pt x 288.07553pt.

Underfull \hbox (badness 10000) in paragraph at lines 1612--1613

 []

[25 <./output_120_0.png>]
<output_122_0.png, id=759, 461.725pt x 288.07625pt>
File: output_122_0.png Graphic file (type png)
<use output_122_0.png>
Package pdftex.def Info: output_122_0.png  used on input line 1646.
(pdftex.def)             Requested size: 461.72388pt x 288.07553pt.

Underfull \hbox (badness 10000) in paragraph at lines 1648--1649

 []

[26 <./output_122_0.png>] [27] [28] [29] [30] [31] [32] [33] [34]
<output_144_1.png, id=811, 449.68pt x 330.23375pt>
File: output_144_1.png Graphic file (type png)
<use output_144_1.png>
Package pdftex.def Info: output_144_1.png  used on input line 2159.
(pdftex.def)             Requested size: 449.6789pt x 330.23293pt.

Underfull \hbox (badness 10000) in paragraph at lines 2161--2162

 []

[35 <./output_144_1.png>]
<output_150_0.png, id=817, 421.575pt x 261.97874pt>
File: output_150_0.png Graphic file (type png)
<use output_150_0.png>
Package pdftex.def Info: output_150_0.png  used on input line 2222.
(pdftex.def)             Requested size: 421.57396pt x 261.9781pt.
 [36]
Underfull \hbox (badness 10000) in paragraph at lines 2224--2225

 []

[37 <./output_150_0.png>]
Underfull \hbox (badness 1675) in paragraph at lines 2275--2277
[]\C70/zhfs/m/n/10.95/5b  \C70/zhfs/m/n/10.95/91  \C70/zhfs/bx/n/10.95/4f N \
C70/zhfs/m/n/10.95/76  \C70/zhfs/m/n/10.95/6a ! \C70/zhfs/m/n/10.95/57  \C70/
zhfs/m/n/10.95/53  \C70/zhfs/m/n/10.95/80  \C70/zhfs/m/n/10.95/5f  \C70/zhfs
/m/n/10.95/96  \C70/zhfs/bx/n/10.95/62  \C70/zhfs/bx/n/10.95/54 ^^H \C70/zhfs
/bx/n/10.95/8b  \C70/zhfs/m/n/10.95/7e  \C70/zhfs/m/n/10.95/96 |\C70/zhfs/bx
/n/10.95/ff ^^[| \C70/zhfs/bx/n/10.95/4f ^^? \C70/zhfs/m/n/10.95/75 ( \C70/zhfs
/m/n/10.95/96  \C70/zhfs/bx/n/10.95/62 ^^P \C70/zhfs/m/n/10.95/5b f \C70/zhfs/
bx/n/10.95/4e ` \C70/zhfs/bx/n/10.95/65  \C70/zhfs/bx/n/10.95/6c |\C70/zhfs/b
x/n/10.95/ff ^^L| \C70/zhfs/bx/n/10.95/59 \T1/cmtt/m/n/10.95 Bagging ,\C70/zhf
s/bx/n/10.95/5c ^^F \C70/zhfs/bx/n/10.95/59 ^^Z \C70/zhfs/bx/n/10.95/4e * \C70/
zhfs/m/n/10.95/5f 1 \C70/zhfs/m/n/10.95/5b f \C70/zhfs/bx/n/10.95/4e `
 []

[38] [39]
<01.png, id=849, 439.6425pt x 455.301pt>
File: 01.png Graphic file (type png)
<use 01.png>
Package pdftex.def Info: 01.png  used on input line 2403.
(pdftex.def)             Requested size: 439.64142pt x 455.29988pt.
 [40 <./01.png>] [41] [42]
<output_171_1.png, id=863, 453.695pt x 334.24875pt>
File: output_171_1.png Graphic file (type png)
<use output_171_1.png>
Package pdftex.def Info: output_171_1.png  used on input line 2601.
(pdftex.def)             Requested size: 453.6939pt x 334.24792pt.
 [43]
Underfull \hbox (badness 10000) in paragraph at lines 2603--2604

 []

[44 <./output_171_1.png>]
<output_176_0.png, id=874, 421.575pt x 261.97874pt>
File: output_176_0.png Graphic file (type png)
<use output_176_0.png>
Package pdftex.def Info: output_176_0.png  used on input line 2663.
(pdftex.def)             Requested size: 421.57396pt x 261.9781pt.

Underfull \hbox (badness 10000) in paragraph at lines 2665--2666

 []

[45 <./output_176_0.png>]
<02.jpg, id=883, 854.19125pt x 1034.86626pt>
File: 02.jpg Graphic file (type jpg)
<use 02.jpg>
Package pdftex.def Info: 02.jpg  used on input line 2712.
(pdftex.def)             Requested size: 854.18918pt x 1034.86372pt.
 [46] [47 <./02.jpg>] [48] [49] [50] [51]
Underfull \hbox (badness 10000) in paragraph at lines 2994--2997
[]\C70/zhfs/bx/n/10.95/5e  \C70/zhfs/m/n/10.95/6a ! \C70/zhfs/bx/n/10.95/5e v 
\C70/zhfs/m/n/10.95/98  \C70/zhfs/m/n/10.95/6d K|\C70/zhfs/bx/n/10.95/ff ^^Z| 
\C70/zhfs/bx/n/10.95/4f ^^? \C70/zhfs/bx/n/10.95/75 (\T1/cmtt/m/n/10.95 dataset
_train\C70/zhfs/bx/n/10.95/65 p \C70/zhfs/m/n/10.95/63 n \C70/zhfs/m/n/10.95/96
  \C70/zhfs/bx/n/10.95/5e  \C70/zhfs/bx/n/10.95/7a  \C70/zhfs/bx/n/10.95/7e 
 \C70/zhfs/bx/n/10.95/60 ' \C70/zhfs/bx/n/10.95/56  \C70/zhfs/bx/n/10.95/5f R
 \C70/zhfs/m/n/10.95/6a ! \C70/zhfs/bx/n/10.95/57 |\C70/zhfs/bx/n/10.95/ff ^^L
| \C70/zhfs/bx/n/10.95/5e v  \C70/zhfs/bx/n/10.95/75 ( \C70/zhfs/bx/n/10.95/5e
  \C70/zhfs/bx/n/10.95/59 } \C70/zhfs/bx/n/10.95/76  \C70/zhfs/m/n/10.95/6a !
 \C70/zhfs/bx/n/10.95/57 
 []

[52]
<output_208_1.png, id=928, 440.64626pt x 265.99374pt>
File: output_208_1.png Graphic file (type png)
<use output_208_1.png>
Package pdftex.def Info: output_208_1.png  used on input line 3082.
(pdftex.def)             Requested size: 440.64517pt x 265.99309pt.
 [53]
Underfull \hbox (badness 10000) in paragraph at lines 3084--3085

 []

[54 <./output_208_1.png>] [55] [56] [57] [58] [59] [60] [61]
Underfull \hbox (badness 5970) in paragraph at lines 3725--3727
[]\C70/zhfs/m/n/10.95/90 ^^Z \C70/zhfs/bx/n/10.95/8f  \C70/zhfs/bx/n/10.95/53 
U \C70/zhfs/bx/n/10.95/4e * \T1/cmtt/m/n/10.95 Series \C70/zhfs/bx/n/10.95/5b 
 \C70/zhfs/m/n/10.95/8c a \C70/zhfs/bx/n/10.95/52 ^^[ \C70/zhfs/bx/n/10.95/5e 
|\C70/zhfs/m/n/10.95/30 ^^B| \T1/cmtt/m/n/10.95 DataFrame \C70/zhfs/m/n/10.95/6
6 / \C70/zhfs/bx/n/10.95/4e ^^@ \C70/zhfs/bx/n/10.95/7e  \T1/cmtt/m/n/10.95 Se
ries \C70/zhfs/bx/n/10.95/5b  \C70/zhfs/m/n/10.95/8c a \C70/zhfs/bx/n/10.95/76
  \C70/zhfs/m/n/10.95/96  \C70/zhfs/bx/n/10.95/54 ^^H|\C70/zhfs/bx/n/10.95/ff
 ^^L| \C70/zhfs/bx/n/10.95/53  \C70/zhfs/bx/n/10.95/4e  \C70/zhfs/bx/n/10.95/
75 ( \C70/zhfs/bx/n/10.95/53 U \C70/zhfs/bx/n/10.95/4e *
 []

[62] [63] [64]
<03.png, id=992, 425.79076pt x 314.3745pt>
File: 03.png Graphic file (type png)
<use 03.png>
Package pdftex.def Info: 03.png  used on input line 3969.
(pdftex.def)             Requested size: 425.78972pt x 314.37372pt.
 [65 <./03.png>] [66]
<04.png, id=1003, 392.667pt x 207.77625pt>
File: 04.png Graphic file (type png)
<use 04.png>
Package pdftex.def Info: 04.png  used on input line 4155.
(pdftex.def)             Requested size: 392.66605pt x 207.77573pt.
 [67]
<05.png, id=1009, 916.42375pt x 706.64pt>
File: 05.png Graphic file (type png)
<use 05.png>
Package pdftex.def Info: 05.png  used on input line 4162.
(pdftex.def)             Requested size: 916.42152pt x 706.63828pt.
 [68 <./04.png> <./05.png>] [69]
[70] [71]
Underfull \hbox (badness 6691) in paragraph at lines 4439--4443
[]\T1/cmtt/m/n/10.95 apply() \C70/zhfs/bx/n/10.95/65 [][] \C70/zhfs/bx/n/10.95
/6c [][]|\C70/zhfs/m/n/10.95/30 ^^B| \T1/cmtt/m/n/10.95 apply() \C70/zhfs/bx/n
/10.95/65  \C70/zhfs/bx/n/10.95/6c  \C70/zhfs/bx/n/10.95/8b  \C70/zhfs/bx/n/
10.95/4f ` \C70/zhfs/bx/n/10.95/53  \C70/zhfs/bx/n/10.95/4e  \C70/zhfs/bx/n/1
0.95/57 ( \C70/zhfs/bx/n/10.95/6b  \C70/zhfs/bx/n/10.95/4e * \C70/zhfs/bx/n/10
.95/7e  \C70/zhfs/bx/n/10.95/4e 
 \C70/zhfs/bx/n/10.95/5e  \C70/zhfs/bx/n/10.95/75 ( \C70/zhfs/bx/n/10.95/4e  
\C70/zhfs/m/n/10.95/61 ^^O \C70/zhfs/bx/n/10.95/65  \C70/zhfs/bx/n/10.95/6c |
\C70/zhfs/m/n/10.95/30 ^^B| \C70/zhfs/bx/n/10.95/8f  \C70/zhfs/bx/n/10.95/4e *
 \C70/zhfs/bx/n/10.95/51  \C70/zhfs/bx/n/10.95/65 p \C70/zhfs/bx/n/10.95/8f  
\C70/zhfs/bx/n/10.95/51 e \C70/zhfs/bx/n/10.95/4e ^^@ *
 []

[72]
Underfull \hbox (badness 5771) in paragraph at lines 4469--4472
[]\T1/cmtt/m/n/10.95 GroupBy \C70/zhfs/bx/n/10.95/91  \C70/zhfs/bx/n/10.95/76 
 \T1/cmtt/m/n/10.95 apply() \C70/zhfs/bx/n/10.95/65  \C70/zhfs/bx/n/10.95/6c 
 \C70/zhfs/m/n/10.95/97 ^ \C70/zhfs/bx/n/10.95/5e 8 \C70/zhfs/bx/n/10.95/70 u 
\C70/zhfs/m/n/10.95/6d ;|\C70/zhfs/bx/n/10.95/ff ^^L| \C70/zhfs/m/n/10.95/55 / 
\C70/zhfs/bx/n/10.95/4e ^^@ \C70/zhfs/m/n/10.95/97 ^^@ \C70/zhfs/m/n/10.95/89 
 \C70/zhfs/bx/n/10.95/6c  \C70/zhfs/m/n/10.95/61 ^^O \C70/zhfs/bx/n/10.95/76 
 \C70/zhfs/bx/n/10.95/57 0 \C70/zhfs/bx/n/10.95/65  \C70/zhfs/m/n/10.95/66 / \
C70/zhfs/bx/n/10.95/5b  \C70/zhfs/bx/n/10.95/60 ; \C70/zhfs/m/n/10.95/66 / \C7
0/zhfs/bx/n/10.95/8f  \C70/zhfs/bx/n/10.95/51 e \C70/zhfs/bx/n/10.95/52 ^^F \C
70/zhfs/bx/n/10.95/7e  \C70/zhfs/bx/n/10.95/65 p \C70/zhfs/bx/n/10.95/63 n \C7
0/zhfs/bx/n/10.95/76 
 []


Overfull \hbox (51.65178pt too wide) in paragraph at lines 4476--4478
[] |\C70/zhfs/m/n/10.95/30 ^^P|\T1/cmtt/m/n/10.95 2|\C70/zhfs/m/n/10.95/30 ^^Q|
 \C70/zhfs/bx/n/10.95/52 ) \C70/zhfs/bx/n/10.95/75 (\T1/cmtt/m/n/10.95 iris.csv
\C70/zhfs/bx/n/10.95/65 p \C70/zhfs/bx/n/10.95/63 n \C70/zhfs/m/n/10.95/96 |\C
70/zhfs/bx/n/10.95/ff ^^L| \C70/zhfs/bx/n/10.95/5e  \C70/zhfs/bx/n/10.95/7a \
T1/cmtt/m/n/10.95 KNN\C70/zhfs/m/n/10.95/6a ! \C70/zhfs/bx/n/10.95/57 |\C70/zh
fs/bx/n/10.95/ff ^^L| \C70/zhfs/m/n/10.95/98  \C70/zhfs/m/n/10.95/6d K\T1/cmtt
/m/n/10.95 Sepal.Length/Sepal.Width/Petal.Length/Petal.Width\C70/zhfs/bx/n/10.9
5/52 ^^F
 []

[73] [74] [75]
<output_344_1.png, id=1051, 453.695pt x 423.5825pt>
File: output_344_1.png Graphic file (type png)
<use output_344_1.png>
Package pdftex.def Info: output_344_1.png  used on input line 4689.
(pdftex.def)             Requested size: 453.6939pt x 423.58147pt.
 [76]
Underfull \hbox (badness 10000) in paragraph at lines 4691--4692

 []

[77 <./output_344_1.png>]
Missing character: There is no  in font pplr7t!
Missing character: There is no  in font pplr7t!
Missing character: There is no  in font pplr7t!
Missing character: There is no  in font pplr7t!
Missing character: There is no  in font pplr7t!
Missing character: There is no  in font pplr7t!
Missing character: There is no  in font pplr7t!
Missing character: There is no  in font pplr7t!
Missing character: There is no  in font pplr7t!
Missing character: There is no  in font pplr7t!
 [78] [79] [80] [81]
<output_378_0.png, id=1090, 373.395pt x 248.93pt>
File: output_378_0.png Graphic file (type png)
<use output_378_0.png>
Package pdftex.def Info: output_378_0.png  used on input line 5011.
(pdftex.def)             Requested size: 373.39409pt x 248.92938pt.

Underfull \hbox (badness 10000) in paragraph at lines 5013--5014

 []

<output_380_0.png, id=1091, 373.395pt x 248.93pt>
File: output_380_0.png Graphic file (type png)
<use output_380_0.png>
Package pdftex.def Info: output_380_0.png  used on input line 5030.
(pdftex.def)             Requested size: 373.39409pt x 248.92938pt.
[82 <./output_378_0.png>]
Underfull \hbox (badness 10000) in paragraph at lines 5032--5033

 []

[83 <./output_380_0.png>]
Overfull \hbox (63.8976pt too wide) in paragraph at lines 5123--5123
[][]\T1/cmtt/m/n/10.95 array([[[]12[],[]15[],[]13[],[]28[],[]24[]],[[]7[],[]11[
],[]10[],[]19[],[]21[]],[[]12[],[]14[],[]11[],[]27[],[]23[]],[[]6[],[]7[],[]4[]
,[]13[],[]20[]],[[]13[],[]14[],[]13[],[]27[],[]25[]]])|  
 []

[84] [85]
<output_395_0.png, id=1113, 369.38pt x 248.93pt>
File: output_395_0.png Graphic file (type png)
<use output_395_0.png>
Package pdftex.def Info: output_395_0.png  used on input line 5248.
(pdftex.def)             Requested size: 369.37909pt x 248.92938pt.

Underfull \hbox (badness 10000) in paragraph at lines 5250--5251

 []

[86 <./output_395_0.png>]
Overfull \hbox (63.8976pt too wide) in paragraph at lines 5274--5274
[][]\T1/cmtt/m/n/10.95 array([[[]12[],[]15[],[]13[],[]28[],[]24[]],[[]7[],[]11[
],[]10[],[]19[],[]21[]],[[]12[],[]14[],[]11[],[]27[],[]23[]],[[]6[],[]7[],[]4[]
,[]13[],[]20[]],[[]13[],[]14[],[]13[],[]27[],[]25[]]])|  
 []

<output_402_0.png, id=1119, 369.38pt x 248.93pt>
File: output_402_0.png Graphic file (type png)
<use output_402_0.png>
Package pdftex.def Info: output_402_0.png  used on input line 5343.
(pdftex.def)             Requested size: 369.37909pt x 248.92938pt.
[87]
Underfull \hbox (badness 10000) in paragraph at lines 5345--5346

 []

[88 <./output_402_0.png>] [89] [90]
<output_424_0.png, id=1140, 447.6725pt x 303.1325pt>
File: output_424_0.png Graphic file (type png)
<use output_424_0.png>
Package pdftex.def Info: output_424_0.png  used on input line 5588.
(pdftex.def)             Requested size: 447.6714pt x 303.13176pt.

Underfull \hbox (badness 10000) in paragraph at lines 5590--5591

 []

[91 <./output_424_0.png>]
<output_425_0.png, id=1147, 447.6725pt x 303.1325pt>
File: output_425_0.png Graphic file (type png)
<use output_425_0.png>
Package pdftex.def Info: output_425_0.png  used on input line 5604.
(pdftex.def)             Requested size: 447.6714pt x 303.13176pt.

Underfull \hbox (badness 10000) in paragraph at lines 5606--5607

 []

[92 <./output_425_0.png>]
Overfull \hbox (92.63425pt too wide) in paragraph at lines 5651--5651
[][]\T1/cmtt/m/n/10.95 DataFrame(new_X,columns[]=[][[]\TS1/cmtt/m/n/10.95 '[][]
\T1/cmtt/m/n/10.95 sepal_length[][]\TS1/cmtt/m/n/10.95 '[]\T1/cmtt/m/n/10.95 ,[
]\TS1/cmtt/m/n/10.95 '[][]\T1/cmtt/m/n/10.95 sepal_width[][]\TS1/cmtt/m/n/10.95
 '[]\T1/cmtt/m/n/10.95 ,[]\TS1/cmtt/m/n/10.95 '[][]\T1/cmtt/m/n/10.95 petal_len
gth[][]\TS1/cmtt/m/n/10.95 '[]\T1/cmtt/m/n/10.95 ,[]\TS1/cmtt/m/n/10.95 '[][]\T
1/cmtt/m/n/10.95 petal_width[][]\TS1/cmtt/m/n/10.95 '[]\T1/cmtt/m/n/10.95 ,[]\T
S1/cmtt/m/n/10.95 '[][]\T1/cmtt/m/n/10.95 species[][]\TS1/cmtt/m/n/10.95 '[]\T1
/cmtt/m/n/10.95 ])|  
 []

<output_431_1.png, id=1154, 928.46875pt x 877.2775pt>
File: output_431_1.png Graphic file (type png)
<use output_431_1.png>
Package pdftex.def Info: output_431_1.png  used on input line 5683.
(pdftex.def)             Requested size: 928.46649pt x 877.27536pt.
[93]
Underfull \hbox (badness 10000) in paragraph at lines 5685--5686

 []

<output_432_1.png, id=1159, 928.46875pt x 877.2775pt>
File: output_432_1.png Graphic file (type png)
<use output_432_1.png>
Package pdftex.def Info: output_432_1.png  used on input line 5702.
(pdftex.def)             Requested size: 928.46649pt x 877.27536pt.
[94 <./output_431_1.png>]
Underfull \hbox (badness 10000) in paragraph at lines 5704--5705

 []

<06.png, id=1165, 523.9575pt x 465.74pt>
File: 06.png Graphic file (type png)
<use 06.png>
Package pdftex.def Info: 06.png  used on input line 5714.
(pdftex.def)             Requested size: 523.95622pt x 465.73886pt.
[95 <./output_432_1.png>] [96 <./06.png>]
Underfull \hbox (badness 1694) in paragraph at lines 5742--5744
[]\C70/zhfs/m/n/10.95/92 t \C70/zhfs/bx/n/10.95/4e \T1/cmtt/m/n/10.95 K-means\
C70/zhfs/bx/n/10.95/7b  \C70/zhfs/bx/n/10.95/6c  \C70/zhfs/bx/n/10.95/54  \C
70/zhfs/bx/n/10.95/4e  \C70/zhfs/bx/n/10.95/5d  \C70/zhfs/m/n/10.95/87 ^^B \C
70/zhfs/m/n/10.95/7f  \C70/zhfs/bx/n/10.95/7b  \C70/zhfs/bx/n/10.95/6c  \C70
/zhfs/bx/n/10.95/54 ^^D \C70/zhfs/m/n/10.95/81  \C70/zhfs/bx/n/10.95/72 y \C70
/zhfs/bx/n/10.95/60 '|\C70/zhfs/bx/n/10.95/ff ^^L| \C70/zhfs/bx/n/10.95/63  \C
70/zhfs/bx/n/10.95/51  \C70/zhfs/bx/n/10.95/4e ^^@ \C70/zhfs/bx/n/10.95/79  \
C70/zhfs/bx/n/10.95/57  \C70/zhfs/bx/n/10.95/4e  \C70/zhfs/bx/n/10.95/65 9 \C
70/zhfs/bx/n/10.95/8f  \C70/zhfs/bx/n/10.95/4e  \C70/zhfs/bx/n/10.95/5d  \C7
0/zhfs/m/n/10.95/87 ^^B \C70/zhfs/m/n/10.95/7f  \C70/zhfs/bx/n/10.95/76 \T1/c
mtt/m/n/10.95 K-means\C70/zhfs/bx/n/10.95/80 Z \C70/zhfs/bx/n/10.95/7c { \C70/z
hfs/bx/n/10.95/7b 
 []

[97]
Package atveryend Info: Empty hook `BeforeClearDocument' on input line 5750.
Package atveryend Info: Empty hook `AfterLastShipout' on input line 5750.
 (./Untitled.aux)
Package atveryend Info: Executing hook `AtVeryEndDocument' on input line 5750.
Package atveryend Info: Executing hook `AtEndAfterFileList' on input line 5750.

Package rerunfilecheck Info: File `Untitled.out' has not changed.
(rerunfilecheck)             Checksum: B78575B6BA09D685A70B5AE58163BF95;9162.


LaTeX Warning: There were multiply-defined labels.

 ) 
Here is how much of TeX's memory you used:
 40800 strings out of 492623
 744362 string characters out of 6122922
 872510 words of memory out of 5000000
 43219 multiletter control sequences out of 15000+600000
 644415 words of font info for 400 fonts, out of 8000000 for 9000
 1141 hyphenation exceptions out of 8191
 54i,8n,73p,1778b,693s stack positions out of 5000i,500n,10000p,200000b,80000s
<c:/Windows/Fonts/simfang.ttf><c:/Windows/Fonts/simfang.ttf><c:/Windows/Fonts
/simfang.ttf><c:/Windows/Fonts/simfang.ttf><c:/Windows/Fonts/simhei.ttf><c:/Win
dows/Fonts/simhei.ttf><c:/Windows/Fonts/simhei.ttf><c:/Windows/Fonts/simfang.tt
f><c:/Windows/Fonts/simfang.ttf><c:/Windows/Fonts/simhei.ttf><c:/Windows/Fonts/
simhei.ttf><c:/Windows/Fonts/simfang.ttf><c:/Windows/Fonts/simfang.ttf><c:/Wind
ows/Fonts/simhei.ttf><c:/Windows/Fonts/simhei.ttf><c:/Windows/Fonts/simfang.ttf
><c:/Windows/Fonts/simhei.ttf><c:/Windows/Fonts/simhei.ttf><c:/Windows/Fonts/si
mfang.ttf><c:/Windows/Fonts/simfang.ttf><c:/Windows/Fonts/simhei.ttf><c:/Window
s/Fonts/simhei.ttf><c:/Windows/Fonts/simhei.ttf><c:/Windows/Fonts/simfang.ttf><
c:/Windows/Fonts/simfang.ttf><c:/Windows/Fonts/simhei.ttf><c:/Windows/Fonts/sim
fang.ttf><c:/Windows/Fonts/simfang.ttf><c:/Windows/Fonts/simfang.ttf><c:/Window
s/Fonts/simfang.ttf><c:/Windows/Fonts/simfang.ttf><c:/Windows/Fonts/simfang.ttf
><c:/Windows/Fonts/simfang.ttf><c:/Windows/Fonts/simfang.ttf><c:/Windows/Fonts/
simfang.ttf><c:/Windows/Fonts/simfang.ttf><c:/Windows/Fonts/simfang.ttf><c:/Win
dows/Fonts/simfang.ttf><c:/Windows/Fonts/simfang.ttf><c:/Windows/Fonts/simhei.t
tf><c:/Windows/Fonts/simfang.ttf><c:/Windows/Fonts/simfang.ttf><c:/Windows/Font
s/simfang.ttf><c:/Windows/Fonts/simfang.ttf><c:/Windows/Fonts/simhei.ttf><c:/Wi
ndows/Fonts/simfang.ttf><c:/Windows/Fonts/simfang.ttf><c:/Windows/Fonts/simhei.
ttf><c:/Windows/Fonts/simhei.ttf><c:/Windows/Fonts/simhei.ttf><c:/Windows/Fonts
/simhei.ttf><c:/Windows/Fonts/simhei.ttf><c:/Windows/Fonts/simfang.ttf><c:/Wind
ows/Fonts/simfang.ttf><c:/Windows/Fonts/simfang.ttf><c:/Windows/Fonts/simfang.t
tf><c:/Windows/Fonts/simfang.ttf><c:/Windows/Fonts/simfang.ttf><c:/Windows/Font
s/simfang.ttf><c:/Windows/Fonts/simfang.ttf><c:/Windows/Fonts/simfang.ttf><c:/W
indows/Fonts/simfang.ttf><c:/Windows/Fonts/simfang.ttf><c:/Windows/Fonts/simfan
g.ttf><c:/Windows/Fonts/simfang.ttf><c:/Windows/Fonts/simfang.ttf><c:/Windows/F
onts/simfang.ttf><c:/Windows/Fonts/simfang.ttf><c:/Windows/Fonts/simfang.ttf><c
:/Windows/Fonts/simfang.ttf><c:/Windows/Fonts/simfang.ttf><c:/Windows/Fonts/sim
fang.ttf><c:/Windows/Fonts/simfang.ttf><c:/Windows/Fonts/simfang.ttf><c:/Window
s/Fonts/simfang.ttf><c:/Windows/Fonts/simfang.ttf><c:/Windows/Fonts/simfang.ttf
><c:/Windows/Fonts/simfang.ttf><c:/Windows/Fonts/simfang.ttf><c:/Windows/Fonts/
simfang.ttf><c:/Windows/Fonts/simfang.ttf><c:/Windows/Fonts/simfang.ttf><c:/Win
dows/Fonts/simfang.ttf><c:/Windows/Fonts/simfang.ttf><c:/Windows/Fonts/simfang.
ttf><c:/Windows/Fonts/simfang.ttf><c:/Windows/Fonts/simfang.ttf><c:/Windows/Fon
ts/simfang.ttf><c:/Windows/Fonts/simfang.ttf><c:/Windows/Fonts/simfang.ttf><c:/
Windows/Fonts/simfang.ttf><c:/Windows/Fonts/simhei.ttf><c:/Windows/Fonts/simfan
g.ttf><c:/Windows/Fonts/simfang.ttf><c:/Windows/Fonts/simfang.ttf><c:/Windows/F
onts/simfang.ttf><c:/Windows/Fonts/simfang.ttf><c:/Windows/Fonts/simfang.ttf><c
:/Windows/Fonts/simfang.ttf><c:/Windows/Fonts/simfang.ttf><c:/Windows/Fonts/sim
fang.ttf><c:/Windows/Fonts/simfang.ttf><c:/Windows/Fonts/simfang.ttf><c:/Window
s/Fonts/simfang.ttf><c:/Windows/Fonts/simfang.ttf><c:/Windows/Fonts/simfang.ttf
><c:/Windows/Fonts/simfang.ttf><c:/Windows/Fonts/simfang.ttf><c:/Windows/Fonts/
simfang.ttf><c:/Windows/Fonts/simfang.ttf><c:/Windows/Fonts/simfang.ttf><c:/Win
dows/Fonts/simfang.ttf><c:/Windows/Fonts/simfang.ttf><c:/Windows/Fonts/simfang.
ttf><c:/Windows/Fonts/simfang.ttf><c:/Windows/Fonts/simfang.ttf><c:/Windows/Fon
ts/simfang.ttf><c:/Windows/Fonts/simfang.ttf><c:/Windows/Fonts/simfang.ttf><c:/
Windows/Fonts/simfang.ttf><c:/Windows/Fonts/simhei.ttf><c:/Windows/Fonts/simhei
.ttf><c:/Windows/Fonts/simhei.ttf><c:/Windows/Fonts/simhei.ttf><c:/Windows/Font
s/simhei.ttf><c:/Windows/Fonts/simhei.ttf><c:/Windows/Fonts/simhei.ttf><c:/Wind
ows/Fonts/simhei.ttf>{d:/Program Files/texlive/texlive/2019/texmf-dist/fonts/en
c/dvips/base/8r.enc}<c:/Windows/Fonts/simhei.ttf><c:/Windows/Fonts/simhei.ttf><
c:/Windows/Fonts/simhei.ttf><c:/Windows/Fonts/simsun.ttc><c:/Windows/Fonts/sims
un.ttc><c:/Windows/Fonts/simsun.ttc><c:/Windows/Fonts/simsun.ttc><c:/Windows/Fo
nts/simsun.ttc><c:/Windows/Fonts/simsun.ttc><c:/Windows/Fonts/simsun.ttc><c:/Wi
ndows/Fonts/simsun.ttc><c:/Windows/Fonts/simsun.ttc><c:/Windows/Fonts/simsun.tt
c><c:/Windows/Fonts/simsun.ttc><c:/Windows/Fonts/simsun.ttc><c:/Windows/Fonts/s
imsun.ttc><c:/Windows/Fonts/simsun.ttc><c:/Windows/Fonts/simsun.ttc><c:/Windows
/Fonts/simsun.ttc><c:/Windows/Fonts/simsun.ttc><c:/Windows/Fonts/simsun.ttc><c:
/Windows/Fonts/simsun.ttc><c:/Windows/Fonts/simsun.ttc><c:/Windows/Fonts/simsun
.ttc><c:/Windows/Fonts/simsun.ttc><c:/Windows/Fonts/simsun.ttc><c:/Windows/Font
s/simsun.ttc><c:/Windows/Fonts/simsun.ttc><c:/Windows/Fonts/simsun.ttc><c:/Wind
ows/Fonts/simsun.ttc><c:/Windows/Fonts/simsun.ttc><c:/Windows/Fonts/simsun.ttc>
<c:/Windows/Fonts/simsun.ttc><c:/Windows/Fonts/simsun.ttc><c:/Windows/Fonts/sim
sun.ttc><c:/Windows/Fonts/simsun.ttc><c:/Windows/Fonts/simsun.ttc><c:/Windows/F
onts/simsun.ttc><c:/Windows/Fonts/simsun.ttc><c:/Windows/Fonts/simsun.ttc><c:/W
indows/Fonts/simsun.ttc><c:/Windows/Fonts/simsun.ttc><c:/Windows/Fonts/simsun.t
tc><c:/Windows/Fonts/simsun.ttc><c:/Windows/Fonts/simsun.ttc><c:/Windows/Fonts/
simsun.ttc><c:/Windows/Fonts/simsun.ttc><c:/Windows/Fonts/simhei.ttf><c:/Window
s/Fonts/simfang.ttf><c:/Windows/Fonts/simfang.ttf><c:/Windows/Fonts/simfang.ttf
><c:/Windows/Fonts/simfang.ttf><c:/Windows/Fonts/simfang.ttf><c:/Windows/Fonts/
simfang.ttf><c:/Windows/Fonts/simfang.ttf><c:/Windows/Fonts/simfang.ttf><c:/Win
dows/Fonts/simfang.ttf><c:/Windows/Fonts/simsun.ttc><c:/Windows/Fonts/simsun.tt
c><c:/Windows/Fonts/simsun.ttc><c:/Windows/Fonts/simsun.ttc><c:/Windows/Fonts/s
imsun.ttc><c:/Windows/Fonts/simhei.ttf><c:/Windows/Fonts/simfang.ttf><c:/Window
s/Fonts/simfang.ttf><c:/Windows/Fonts/simfang.ttf><c:/Windows/Fonts/simfang.ttf
><c:/Windows/Fonts/simfang.ttf><c:/Windows/Fonts/simfang.ttf><c:/Windows/Fonts/
simfang.ttf><c:/Windows/Fonts/simfang.ttf><c:/Windows/Fonts/simfang.ttf><c:/Win
dows/Fonts/simfang.ttf><c:/Windows/Fonts/simfang.ttf><c:/Windows/Fonts/simfang.
ttf><c:/Windows/Fonts/simfang.ttf><c:/Windows/Fonts/simfang.ttf><c:/Windows/Fon
ts/simfang.ttf><c:/Windows/Fonts/simfang.ttf><c:/Windows/Fonts/simfang.ttf><c:/
Windows/Fonts/simfang.ttf><c:/Windows/Fonts/simfang.ttf><c:/Windows/Fonts/simfa
ng.ttf><c:/Windows/Fonts/simfang.ttf><c:/Windows/Fonts/simfang.ttf><c:/Windows/
Fonts/simfang.ttf><c:/Windows/Fonts/simfang.ttf>{d:/Program Files/texlive/texli
ve/2019/texmf-dist/fonts/enc/dvips/cm-super/cm-super-ts1.enc}<c:/Windows/Fonts/
simfang.ttf><c:/Windows/Fonts/simfang.ttf><c:/Windows/Fonts/simfang.ttf><c:/Win
dows/Fonts/simfang.ttf><c:/Windows/Fonts/simfang.ttf><c:/Windows/Fonts/simfang.
ttf><c:/Windows/Fonts/simfang.ttf><c:/Windows/Fonts/simfang.ttf><c:/Windows/Fon
ts/simfang.ttf><c:/Windows/Fonts/simfang.ttf>{d:/Program Files/texlive/texlive/
2019/texmf-dist/fonts/enc/dvips/cm-super/cm-super-t1.enc}<c:/Windows/Fonts/sims
un.ttc><c:/Windows/Fonts/simsun.ttc><c:/Windows/Fonts/simsun.ttc><c:/Windows/Fo
nts/simsun.ttc><c:/Windows/Fonts/simsun.ttc><c:/Windows/Fonts/simsun.ttc><c:/Wi
ndows/Fonts/simsun.ttc><c:/Windows/Fonts/simsun.ttc><c:/Windows/Fonts/simsun.tt
c><c:/Windows/Fonts/simsun.ttc><c:/Windows/Fonts/simhei.ttf><c:/Windows/Fonts/s
imhei.ttf><c:/Windows/Fonts/simhei.ttf><c:/Windows/Fonts/simhei.ttf><c:/Windows
/Fonts/simhei.ttf><c:/Windows/Fonts/simsun.ttc><c:/Windows/Fonts/simhei.ttf><c:
/Windows/Fonts/simhei.ttf><c:/Windows/Fonts/simsun.ttc><c:/Windows/Fonts/simsun
.ttc><c:/Windows/Fonts/simsun.ttc><c:/Windows/Fonts/simsun.ttc><c:/Windows/Font
s/simsun.ttc><c:/Windows/Fonts/simsun.ttc><c:/Windows/Fonts/simsun.ttc><c:/Wind
ows/Fonts/simsun.ttc><c:/Windows/Fonts/simsun.ttc><c:/Windows/Fonts/simhei.ttf>
<c:/Windows/Fonts/simhei.ttf><c:/Windows/Fonts/simhei.ttf><c:/Windows/Fonts/sim
hei.ttf><c:/Windows/Fonts/simhei.ttf><c:/Windows/Fonts/simhei.ttf><c:/Windows/F
onts/simhei.ttf><c:/Windows/Fonts/simhei.ttf><c:/Windows/Fonts/simhei.ttf><c:/W
indows/Fonts/simhei.ttf><c:/Windows/Fonts/simhei.ttf><d:/Program Files/texlive/
texlive/2019/texmf-dist/fonts/type1/public/amsfonts/cm/cmex10.pfb><d:/Program F
iles/texlive/texlive/2019/texmf-dist/fonts/type1/public/amsfonts/cm/cmmi10.pfb>
<d:/Program Files/texlive/texlive/2019/texmf-dist/fonts/type1/public/amsfonts/c
m/cmr10.pfb><d:/Program Files/texlive/texlive/2019/texmf-dist/fonts/type1/publi
c/amsfonts/cm/cmsy10.pfb><d:/Program Files/texlive/texlive/2019/texmf-dist/font
s/type1/public/mathpazo/fplmr.pfb><d:/Program Files/texlive/texlive/2019/texmf-
dist/fonts/type1/public/mathpazo/fplmri.pfb><d:/Program Files/texlive/texlive/2
019/texmf-dist/fonts/type1/public/cm-super/sfit1000.pfb><d:/Program Files/texli
ve/texlive/2019/texmf-dist/fonts/type1/public/cm-super/sftt1000.pfb><d:/Program
 Files/texlive/texlive/2019/texmf-dist/fonts/type1/urw/palatino/uplb8a.pfb><d:/
Program Files/texlive/texlive/2019/texmf-dist/fonts/type1/urw/palatino/uplr8a.p
fb><d:/Program Files/texlive/texlive/2019/texmf-dist/fonts/type1/urw/palatino/u
plri8a.pfb>
Output written on Untitled.pdf (97 pages, 2380856 bytes).
PDF statistics:
 2086 PDF objects out of 2487 (max. 8388607)
 1554 compressed objects within 16 object streams
 252 named destinations out of 1000 (max. 500000)
 986 words of extra memory for PDF output out of 10000 (max. 10000000)

